[2021-09-30 12:39:04.097] [exthost] [info] extension host started
[2021-09-30 12:39:04.321] [exthost] [info] ExtensionService#_doActivateExtension vscode.debug-auto-launch {"startup":true,"extensionId":{"value":"vscode.debug-auto-launch","_lower":"vscode.debug-auto-launch"},"activationEvent":"*"}
[2021-09-30 12:39:04.321] [exthost] [info] ExtensionService#loadCommonJSModule file:///home/jkunle/.local/lib/code-server-3.11.1/lib/vscode/extensions/debug-auto-launch/dist/extension
[2021-09-30 12:39:04.328] [exthost] [info] ExtensionService#_doActivateExtension vscode.git {"startup":true,"extensionId":{"value":"vscode.github","_lower":"vscode.github"},"activationEvent":"*"}
[2021-09-30 12:39:04.328] [exthost] [info] ExtensionService#loadCommonJSModule file:///home/jkunle/.local/lib/code-server-3.11.1/lib/vscode/extensions/git/dist/main
[2021-09-30 12:39:04.568] [exthost] [info] ExtensionService#_doActivateExtension vscode.github {"startup":true,"extensionId":{"value":"vscode.github","_lower":"vscode.github"},"activationEvent":"*"}
[2021-09-30 12:39:04.569] [exthost] [info] ExtensionService#loadCommonJSModule file:///home/jkunle/.local/lib/code-server-3.11.1/lib/vscode/extensions/github/dist/extension.js
[2021-09-30 12:39:04.721] [exthost] [info] ExtensionService#_doActivateExtension vscode.emmet {"startup":false,"extensionId":{"value":"vscode.emmet","_lower":"vscode.emmet"},"activationEvent":"onStartupFinished"}
[2021-09-30 12:39:04.721] [exthost] [info] ExtensionService#loadCommonJSModule file:///home/jkunle/.local/lib/code-server-3.11.1/lib/vscode/extensions/emmet/dist/node/emmetNodeMain
[2021-09-30 12:39:04.736] [exthost] [info] ExtensionService#_doActivateExtension vscode.merge-conflict {"startup":false,"extensionId":{"value":"vscode.merge-conflict","_lower":"vscode.merge-conflict"},"activationEvent":"onStartupFinished"}
[2021-09-30 12:39:04.736] [exthost] [info] ExtensionService#loadCommonJSModule file:///home/jkunle/.local/lib/code-server-3.11.1/lib/vscode/extensions/merge-conflict/dist/mergeConflictMain
[2021-09-30 12:39:04.740] [exthost] [info] ExtensionService#_doActivateExtension vscode.testing-editor-contributions {"startup":false,"extensionId":{"value":"vscode.testing-editor-contributions","_lower":"vscode.testing-editor-contributions"},"activationEvent":"onStartupFinished"}
[2021-09-30 12:39:04.740] [exthost] [info] ExtensionService#loadCommonJSModule file:///home/jkunle/.local/lib/code-server-3.11.1/lib/vscode/extensions/testing-editor-contributions/dist/extension.js
[2021-09-30 12:39:04.741] [exthost] [info] eager extensions activated
[2021-09-30 12:39:05.527] [exthost] [info] ExtensionService#_doActivateExtension ms-vscode.js-debug {"startup":false,"extensionId":{"value":"ms-vscode.js-debug","_lower":"ms-vscode.js-debug"},"activationEvent":"onCommand:extension.js-debug.clearAutoAttachVariables"}
[2021-09-30 12:39:05.528] [exthost] [info] ExtensionService#loadCommonJSModule file:///home/jkunle/.local/lib/code-server-3.11.1/lib/vscode/extensions/ms-vscode.js-debug/src/extension.js
[2021-09-30 12:39:36.108] [exthost] [info] ExtensionService#_doActivateExtension vscode.configuration-editing {"startup":false,"extensionId":{"value":"vscode.configuration-editing","_lower":"vscode.configuration-editing"},"activationEvent":"onLanguage:json"}
[2021-09-30 12:39:36.109] [exthost] [info] ExtensionService#loadCommonJSModule file:///home/jkunle/.local/lib/code-server-3.11.1/lib/vscode/extensions/configuration-editing/dist/configurationEditingMain
[2021-09-30 12:39:36.116] [exthost] [info] ExtensionService#_doActivateExtension vscode.extension-editing {"startup":false,"extensionId":{"value":"vscode.extension-editing","_lower":"vscode.extension-editing"},"activationEvent":"onLanguage:json"}
[2021-09-30 12:39:36.116] [exthost] [info] ExtensionService#loadCommonJSModule file:///home/jkunle/.local/lib/code-server-3.11.1/lib/vscode/extensions/extension-editing/dist/extensionEditingMain
[2021-09-30 12:39:36.187] [exthost] [info] ExtensionService#_doActivateExtension vscode.json-language-features {"startup":false,"extensionId":{"value":"vscode.json-language-features","_lower":"vscode.json-language-features"},"activationEvent":"onLanguage:json"}
[2021-09-30 12:39:36.188] [exthost] [info] ExtensionService#loadCommonJSModule file:///home/jkunle/.local/lib/code-server-3.11.1/lib/vscode/extensions/json-language-features/client/dist/node/jsonClientMain
[2021-09-30 12:39:36.239] [exthost] [info] ExtensionService#_doActivateExtension vscode.npm {"startup":false,"extensionId":{"value":"vscode.npm","_lower":"vscode.npm"},"activationEvent":"onLanguage:json"}
[2021-09-30 12:39:36.239] [exthost] [info] ExtensionService#loadCommonJSModule file:///home/jkunle/.local/lib/code-server-3.11.1/lib/vscode/extensions/npm/dist/npmMain
[2021-09-30 12:40:21.844] [exthost] [info] extension host terminating: received terminate message from renderer
[2021-09-30 12:40:22.857] [exthost] [info] exiting with code 0
