Validating found git in: git
Using git 2.20.1 from git
Opening repository for path='/home/jkunle/source/airport' failed; ex=spawn git ENOENT {
  "gitErrorCode": "NotAGitRepository"
}Error: spawn git ENOENT
	at Process.ChildProcess._handle.onexit (internal/child_process.js:269:19)
	at onErrorNT (internal/child_process.js:467:16)
	at processTicksAndRejections (internal/process/task_queues.js:82:21)
Opening repository for path='/home/jkunle/source/airport' failed; ex=spawn git ENOENT {
  "gitErrorCode": "NotAGitRepository"
}Error: spawn git ENOENT
	at Process.ChildProcess._handle.onexit (internal/child_process.js:269:19)
	at onErrorNT (internal/child_process.js:467:16)
	at processTicksAndRejections (internal/process/task_queues.js:82:21)
Opening repository for path='/home/jkunle/source/airport' failed; ex=spawn git ENOENT {
  "gitErrorCode": "NotAGitRepository"
}Error: spawn git ENOENT
	at Process.ChildProcess._handle.onexit (internal/child_process.js:269:19)
	at onErrorNT (internal/child_process.js:467:16)
	at processTicksAndRejections (internal/process/task_queues.js:82:21)
