Validating found git in: git
Using git 2.20.1 from git
> git rev-parse --git-dir
Open repository: /home/jkunle/source/mocking-node-with-sinon
> git status -z -u
> git symbolic-ref --short HEAD
> git for-each-ref --format=%(refname)%00%(upstream:short)%00%(objectname)%00%(upstream:track) refs/heads/master refs/remotes/master
> git for-each-ref --sort -committerdate --format %(refname) %(objectname) %(*objectname)
> git remote --verbose
Warning: Failed to watch ref '/home/jkunle/source/mocking-node-with-sinon/.git/refs/remotes/origin/master', is most likely packed.
> git config --get commit.template
> git check-ignore -v -z --stdin
> git status -z -u
> git symbolic-ref --short HEAD
> git for-each-ref --format=%(refname)%00%(upstream:short)%00%(objectname)%00%(upstream:track) refs/heads/start refs/remotes/start
> git for-each-ref --sort -committerdate --format %(refname) %(objectname) %(*objectname)
> git remote --verbose
Warning: Failed to watch ref '/home/jkunle/source/mocking-node-with-sinon/.git/refs/remotes/origin/start', is most likely packed.
> git config --get commit.template
> git check-ignore -v -z --stdin
> git show --textconv :package.json
> git ls-files --stage -- /home/jkunle/source/mocking-node-with-sinon/package.json
> git cat-file -s 5cc1dc3ebad40e0efc2fe3acfcd72ecf81a8ae80
> git check-ignore -v -z --stdin
> git status -z -u
> git symbolic-ref --short HEAD
> git for-each-ref --format=%(refname)%00%(upstream:short)%00%(objectname)%00%(upstream:track) refs/heads/start refs/remotes/start
> git for-each-ref --sort -committerdate --format %(refname) %(objectname) %(*objectname)
> git remote --verbose
Warning: Failed to watch ref '/home/jkunle/source/mocking-node-with-sinon/.git/refs/remotes/origin/start', is most likely packed.
> git config --get commit.template
> git status -z -u
> git symbolic-ref --short HEAD
> git for-each-ref --format=%(refname)%00%(upstream:short)%00%(objectname)%00%(upstream:track) refs/heads/start refs/remotes/start
> git for-each-ref --sort -committerdate --format %(refname) %(objectname) %(*objectname)
> git remote --verbose
Warning: Failed to watch ref '/home/jkunle/source/mocking-node-with-sinon/.git/refs/remotes/origin/start', is most likely packed.
> git config --get commit.template
> git check-ignore -v -z --stdin
> git check-ignore -v -z --stdin
> git check-ignore -v -z --stdin
> git check-ignore -v -z --stdin
> git check-ignore -v -z --stdin
> git show --textconv :file.management.js
> git ls-files --stage -- /home/jkunle/source/mocking-node-with-sinon/file.management.js
> git cat-file -s 090f009493f84e2e2573f004a6578ffa75e35571
> git show --textconv :file.management.spy.spec.js
> git ls-files --stage -- /home/jkunle/source/mocking-node-with-sinon/file.management.spy.spec.js
> git cat-file -s b5da6e8e7faebd9442889d203edd9dbea140a526
> git show --textconv :.gitignore
> git ls-files --stage -- /home/jkunle/source/mocking-node-with-sinon/.gitignore
> git cat-file -s ea63180c3a85ca97454370c9cacd44c4c430ec03
