[Error - 10:37:51 PM] Jan 17, 2022, 10:37:51 PM Failed to load extension bundles 
Load bundle list
org.eclipse.core.runtime.CoreException: Load bundle list
	at org.eclipse.jdt.ls.core.internal.handlers.BundleUtils.loadBundles(BundleUtils.java:169)
	at org.eclipse.jdt.ls.core.internal.handlers.InitHandler.handleInitializationOptions(InitHandler.java:89)
	at org.eclipse.jdt.ls.core.internal.handlers.BaseInitHandler.initialize(BaseInitHandler.java:63)
	at org.eclipse.jdt.ls.core.internal.handlers.JDTLanguageServer.initialize(JDTLanguageServer.java:237)
	at java.base/jdk.internal.reflect.NativeMethodAccessorImpl.invoke0(Native Method)
	at java.base/jdk.internal.reflect.NativeMethodAccessorImpl.invoke(NativeMethodAccessorImpl.java:62)
	at java.base/jdk.internal.reflect.DelegatingMethodAccessorImpl.invoke(DelegatingMethodAccessorImpl.java:43)
	at java.base/java.lang.reflect.Method.invoke(Method.java:566)
	at org.eclipse.lsp4j.jsonrpc.services.GenericEndpoint.lambda$null$0(GenericEndpoint.java:65)
	at org.eclipse.lsp4j.jsonrpc.services.GenericEndpoint.request(GenericEndpoint.java:120)
	at org.eclipse.lsp4j.jsonrpc.RemoteEndpoint.handleRequest(RemoteEndpoint.java:261)
	at org.eclipse.lsp4j.jsonrpc.RemoteEndpoint.consume(RemoteEndpoint.java:190)
	at org.eclipse.jdt.ls.core.internal.ParentProcessWatcher.lambda$0(ParentProcessWatcher.java:123)
	at org.eclipse.lsp4j.jsonrpc.json.StreamMessageProducer.handleMessage(StreamMessageProducer.java:194)
	at org.eclipse.lsp4j.jsonrpc.json.StreamMessageProducer.listen(StreamMessageProducer.java:94)
	at org.eclipse.lsp4j.jsonrpc.json.ConcurrentMessageProcessor.run(ConcurrentMessageProcessor.java:113)
	at java.base/java.util.concurrent.Executors$RunnableAdapter.call(Executors.java:515)
	at java.base/java.util.concurrent.FutureTask.run(FutureTask.java:264)
	at java.base/java.util.concurrent.ThreadPoolExecutor.runWorker(ThreadPoolExecutor.java:1128)
	at java.base/java.util.concurrent.ThreadPoolExecutor$Worker.run(ThreadPoolExecutor.java:628)
	at java.base/java.lang.Thread.run(Thread.java:829)
Contains: Cannot extract bundle symbolicName or version /home/jkunle/code_profiles/java/extensions/vscjava.vscode-maven-0.21.2/jdtls.ext/com.microsoft.java.maven.plugin/target/com.microsoft.java.maven.plugin-0.21.2.jar
java.nio.file.NoSuchFileException: /home/jkunle/code_profiles/java/extensions/vscjava.vscode-maven-0.21.2/jdtls.ext/com.microsoft.java.maven.plugin/target/com.microsoft.java.maven.plugin-0.21.2.jar
	at java.base/sun.nio.fs.UnixException.translateToIOException(UnixException.java:92)
	at java.base/sun.nio.fs.UnixException.rethrowAsIOException(UnixException.java:111)
	at java.base/sun.nio.fs.UnixException.rethrowAsIOException(UnixException.java:116)
	at java.base/sun.nio.fs.UnixFileAttributeViews$Basic.readAttributes(UnixFileAttributeViews.java:55)
	at java.base/sun.nio.fs.UnixFileSystemProvider.readAttributes(UnixFileSystemProvider.java:149)
	at java.base/sun.nio.fs.LinuxFileSystemProvider.readAttributes(LinuxFileSystemProvider.java:99)
	at java.base/java.nio.file.Files.readAttributes(Files.java:1764)
	at java.base/java.util.zip.ZipFile$Source.get(ZipFile.java:1259)
	at java.base/java.util.zip.ZipFile$CleanableResource.<init>(ZipFile.java:733)
	at java.base/java.util.zip.ZipFile$CleanableResource.get(ZipFile.java:850)
	at java.base/java.util.zip.ZipFile.<init>(ZipFile.java:248)
	at java.base/java.util.zip.ZipFile.<init>(ZipFile.java:177)
	at java.base/java.util.jar.JarFile.<init>(JarFile.java:350)
	at java.base/java.util.jar.JarFile.<init>(JarFile.java:321)
	at java.base/java.util.jar.JarFile.<init>(JarFile.java:260)
	at org.eclipse.jdt.ls.core.internal.handlers.BundleUtils.getBundleInfo(BundleUtils.java:302)
	at org.eclipse.jdt.ls.core.internal.handlers.BundleUtils.loadBundles(BundleUtils.java:116)
	at org.eclipse.jdt.ls.core.internal.handlers.InitHandler.handleInitializationOptions(InitHandler.java:89)
	at org.eclipse.jdt.ls.core.internal.handlers.BaseInitHandler.initialize(BaseInitHandler.java:63)
	at org.eclipse.jdt.ls.core.internal.handlers.JDTLanguageServer.initialize(JDTLanguageServer.java:237)
	at java.base/jdk.internal.reflect.NativeMethodAccessorImpl.invoke0(Native Method)
	at java.base/jdk.internal.reflect.NativeMethodAccessorImpl.invoke(NativeMethodAccessorImpl.java:62)
	at java.base/jdk.internal.reflect.DelegatingMethodAccessorImpl.invoke(DelegatingMethodAccessorImpl.java:43)
	at java.base/java.lang.reflect.Method.invoke(Method.java:566)
	at org.eclipse.lsp4j.jsonrpc.services.GenericEndpoint.lambda$null$0(GenericEndpoint.java:65)
	at org.eclipse.lsp4j.jsonrpc.services.GenericEndpoint.request(GenericEndpoint.java:120)
	at org.eclipse.lsp4j.jsonrpc.RemoteEndpoint.handleRequest(RemoteEndpoint.java:261)
	at org.eclipse.lsp4j.jsonrpc.RemoteEndpoint.consume(RemoteEndpoint.java:190)
	at org.eclipse.jdt.ls.core.internal.ParentProcessWatcher.lambda$0(ParentProcessWatcher.java:123)
	at org.eclipse.lsp4j.jsonrpc.json.StreamMessageProducer.handleMessage(StreamMessageProducer.java:194)
	at org.eclipse.lsp4j.jsonrpc.json.StreamMessageProducer.listen(StreamMessageProducer.java:94)
	at org.eclipse.lsp4j.jsonrpc.json.ConcurrentMessageProcessor.run(ConcurrentMessageProcessor.java:113)
	at java.base/java.util.concurrent.Executors$RunnableAdapter.call(Executors.java:515)
	at java.base/java.util.concurrent.FutureTask.run(FutureTask.java:264)
	at java.base/java.util.concurrent.ThreadPoolExecutor.runWorker(ThreadPoolExecutor.java:1128)
	at java.base/java.util.concurrent.ThreadPoolExecutor$Worker.run(ThreadPoolExecutor.java:628)
	at java.base/java.lang.Thread.run(Thread.java:829)

[Error - 10:38:26 PM] Jan 17, 2022, 10:38:26 PM Error occured while building workspace. Details: 
 message: Duplicate modifier for the method main in type Airport; code: 67109221; resource: /home/jkunle/source/airport/src/main/java/airport/Airport.java; line: 6
[Error - 10:39:47 PM] Jan 17, 2022, 10:39:47 PM Error occured while building workspace. Details: 
 message: Duplicate modifier for the method main in type Airport; code: 67109221; resource: /home/jkunle/source/airport/src/main/java/airport/Airport.java; line: 5
[Error - 10:41:10 PM] Jan 17, 2022, 10:41:10 PM Error occured while building workspace. Details: 
 message: Duplicate modifier for the method main in type Airport; code: 67109221; resource: /home/jkunle/source/airport/src/main/java/airport/Airport.java; line: 5
[Error - 11:04:45 PM] Jan 17, 2022, 11:04:45 PM Problems occurred when invoking code from plug-in: "org.eclipse.jdt.ls.core".
null
java.lang.NullPointerException
	at org.eclipse.jdt.ls.core.internal.hover.JavaElementLabelComposer.appendElementLabel(JavaElementLabelComposer.java:154)
	at org.eclipse.jdt.ls.core.internal.hover.JavaElementLabels.getElementLabel(JavaElementLabels.java:376)
	at org.eclipse.jdt.ls.core.internal.hover.JavaElementLabels.getElementLabel(JavaElementLabels.java:364)
	at com.microsoft.java.test.plugin.util.TestItemUtils.constructJavaTestItem(TestItemUtils.java:52)
	at com.microsoft.java.test.plugin.util.TestSearchUtils.findTestItemsInTypeBinding(TestSearchUtils.java:371)
	at com.microsoft.java.test.plugin.util.TestSearchUtils.findTestTypesAndMethods(TestSearchUtils.java:348)
	at com.microsoft.java.test.plugin.handler.TestDelegateCommandHandler.executeCommand(TestDelegateCommandHandler.java:58)
	at org.eclipse.jdt.ls.core.internal.handlers.WorkspaceExecuteCommandHandler$1.run(WorkspaceExecuteCommandHandler.java:215)
	at org.eclipse.core.runtime.SafeRunner.run(SafeRunner.java:45)
	at org.eclipse.jdt.ls.core.internal.handlers.WorkspaceExecuteCommandHandler.executeCommand(WorkspaceExecuteCommandHandler.java:205)
	at org.eclipse.jdt.ls.core.internal.handlers.JDTLanguageServer.lambda$4(JDTLanguageServer.java:507)
	at org.eclipse.jdt.ls.core.internal.BaseJDTLanguageServer.lambda$0(BaseJDTLanguageServer.java:75)
	at java.base/java.util.concurrent.CompletableFuture$UniApply.tryFire(CompletableFuture.java:642)
	at java.base/java.util.concurrent.CompletableFuture$Completion.run(CompletableFuture.java:478)
	at java.base/java.lang.Thread.run(Thread.java:829)

[Error - 11:04:45 PM] Jan 17, 2022, 11:04:45 PM Error in calling delegate command handler
null
java.lang.NullPointerException
	at org.eclipse.jdt.ls.core.internal.hover.JavaElementLabelComposer.appendElementLabel(JavaElementLabelComposer.java:154)
	at org.eclipse.jdt.ls.core.internal.hover.JavaElementLabels.getElementLabel(JavaElementLabels.java:376)
	at org.eclipse.jdt.ls.core.internal.hover.JavaElementLabels.getElementLabel(JavaElementLabels.java:364)
	at com.microsoft.java.test.plugin.util.TestItemUtils.constructJavaTestItem(TestItemUtils.java:52)
	at com.microsoft.java.test.plugin.util.TestSearchUtils.findTestItemsInTypeBinding(TestSearchUtils.java:371)
	at com.microsoft.java.test.plugin.util.TestSearchUtils.findTestTypesAndMethods(TestSearchUtils.java:348)
	at com.microsoft.java.test.plugin.handler.TestDelegateCommandHandler.executeCommand(TestDelegateCommandHandler.java:58)
	at org.eclipse.jdt.ls.core.internal.handlers.WorkspaceExecuteCommandHandler$1.run(WorkspaceExecuteCommandHandler.java:215)
	at org.eclipse.core.runtime.SafeRunner.run(SafeRunner.java:45)
	at org.eclipse.jdt.ls.core.internal.handlers.WorkspaceExecuteCommandHandler.executeCommand(WorkspaceExecuteCommandHandler.java:205)
	at org.eclipse.jdt.ls.core.internal.handlers.JDTLanguageServer.lambda$4(JDTLanguageServer.java:507)
	at org.eclipse.jdt.ls.core.internal.BaseJDTLanguageServer.lambda$0(BaseJDTLanguageServer.java:75)
	at java.base/java.util.concurrent.CompletableFuture$UniApply.tryFire(CompletableFuture.java:642)
	at java.base/java.util.concurrent.CompletableFuture$Completion.run(CompletableFuture.java:478)
	at java.base/java.lang.Thread.run(Thread.java:829)

[Error - 11:07:09 PM] Jan 17, 2022, 11:07:09 PM Problems occurred when invoking code from plug-in: "org.eclipse.jdt.ls.core".
null
java.lang.NullPointerException
	at org.eclipse.jdt.internal.compiler.lookup.BinaryTypeBinding.getField(BinaryTypeBinding.java:1426)
	at org.eclipse.jdt.internal.compiler.lookup.AnnotationBinding.buildTargetAnnotation(AnnotationBinding.java:179)
	at org.eclipse.jdt.internal.compiler.lookup.AnnotationBinding.addStandardAnnotations(AnnotationBinding.java:83)
	at org.eclipse.jdt.internal.compiler.lookup.BinaryTypeBinding.retrieveAnnotations(BinaryTypeBinding.java:1855)
	at org.eclipse.jdt.internal.compiler.lookup.ReferenceBinding.getAnnotations(ReferenceBinding.java:1067)
	at org.eclipse.jdt.core.dom.TypeBinding.getAnnotations(TypeBinding.java:122)
	at com.microsoft.java.test.plugin.searcher.JUnit5TestSearcher.matchesNameInAnnotationHierarchy(JUnit5TestSearcher.java:110)
	at com.microsoft.java.test.plugin.searcher.JUnit5TestSearcher.findAnnotation(JUnit5TestSearcher.java:85)
	at com.microsoft.java.test.plugin.searcher.JUnit5TestSearcher.isTestMethod(JUnit5TestSearcher.java:69)
	at com.microsoft.java.test.plugin.util.TestSearchUtils.findTestItemsInTypeBinding(TestSearchUtils.java:370)
	at com.microsoft.java.test.plugin.util.TestSearchUtils.findTestTypesAndMethods(TestSearchUtils.java:348)
	at com.microsoft.java.test.plugin.handler.TestDelegateCommandHandler.executeCommand(TestDelegateCommandHandler.java:58)
	at org.eclipse.jdt.ls.core.internal.handlers.WorkspaceExecuteCommandHandler$1.run(WorkspaceExecuteCommandHandler.java:215)
	at org.eclipse.core.runtime.SafeRunner.run(SafeRunner.java:45)
	at org.eclipse.jdt.ls.core.internal.handlers.WorkspaceExecuteCommandHandler.executeCommand(WorkspaceExecuteCommandHandler.java:205)
	at org.eclipse.jdt.ls.core.internal.handlers.JDTLanguageServer.lambda$4(JDTLanguageServer.java:507)
	at org.eclipse.jdt.ls.core.internal.BaseJDTLanguageServer.lambda$0(BaseJDTLanguageServer.java:75)
	at java.base/java.util.concurrent.CompletableFuture$UniApply.tryFire(CompletableFuture.java:642)
	at java.base/java.util.concurrent.CompletableFuture$Completion.run(CompletableFuture.java:478)
	at java.base/java.lang.Thread.run(Thread.java:829)

[Error - 11:07:09 PM] Jan 17, 2022, 11:07:09 PM Error in calling delegate command handler
null
java.lang.NullPointerException
	at org.eclipse.jdt.internal.compiler.lookup.BinaryTypeBinding.getField(BinaryTypeBinding.java:1426)
	at org.eclipse.jdt.internal.compiler.lookup.AnnotationBinding.buildTargetAnnotation(AnnotationBinding.java:179)
	at org.eclipse.jdt.internal.compiler.lookup.AnnotationBinding.addStandardAnnotations(AnnotationBinding.java:83)
	at org.eclipse.jdt.internal.compiler.lookup.BinaryTypeBinding.retrieveAnnotations(BinaryTypeBinding.java:1855)
	at org.eclipse.jdt.internal.compiler.lookup.ReferenceBinding.getAnnotations(ReferenceBinding.java:1067)
	at org.eclipse.jdt.core.dom.TypeBinding.getAnnotations(TypeBinding.java:122)
	at com.microsoft.java.test.plugin.searcher.JUnit5TestSearcher.matchesNameInAnnotationHierarchy(JUnit5TestSearcher.java:110)
	at com.microsoft.java.test.plugin.searcher.JUnit5TestSearcher.findAnnotation(JUnit5TestSearcher.java:85)
	at com.microsoft.java.test.plugin.searcher.JUnit5TestSearcher.isTestMethod(JUnit5TestSearcher.java:69)
	at com.microsoft.java.test.plugin.util.TestSearchUtils.findTestItemsInTypeBinding(TestSearchUtils.java:370)
	at com.microsoft.java.test.plugin.util.TestSearchUtils.findTestTypesAndMethods(TestSearchUtils.java:348)
	at com.microsoft.java.test.plugin.handler.TestDelegateCommandHandler.executeCommand(TestDelegateCommandHandler.java:58)
	at org.eclipse.jdt.ls.core.internal.handlers.WorkspaceExecuteCommandHandler$1.run(WorkspaceExecuteCommandHandler.java:215)
	at org.eclipse.core.runtime.SafeRunner.run(SafeRunner.java:45)
	at org.eclipse.jdt.ls.core.internal.handlers.WorkspaceExecuteCommandHandler.executeCommand(WorkspaceExecuteCommandHandler.java:205)
	at org.eclipse.jdt.ls.core.internal.handlers.JDTLanguageServer.lambda$4(JDTLanguageServer.java:507)
	at org.eclipse.jdt.ls.core.internal.BaseJDTLanguageServer.lambda$0(BaseJDTLanguageServer.java:75)
	at java.base/java.util.concurrent.CompletableFuture$UniApply.tryFire(CompletableFuture.java:642)
	at java.base/java.util.concurrent.CompletableFuture$Completion.run(CompletableFuture.java:478)
	at java.base/java.lang.Thread.run(Thread.java:829)

[Error - 11:07:31 PM] Jan 17, 2022, 11:07:31 PM Index out of bounds
Index out of bounds
Java Model Exception: Error in Java Model (code 980): Index out of bounds
	at org.eclipse.jdt.internal.core.Openable.codeSelect(Openable.java:162)
	at org.eclipse.jdt.internal.core.CompilationUnit.codeSelect(CompilationUnit.java:389)
	at org.eclipse.jdt.internal.core.CompilationUnit.codeSelect(CompilationUnit.java:382)
	at org.eclipse.jdt.ls.core.internal.JDTUtils.findElementsAtSelection(JDTUtils.java:976)
	at org.eclipse.jdt.ls.core.internal.JDTUtils.findElementAtSelection(JDTUtils.java:957)
	at org.eclipse.jdt.ls.core.internal.text.correction.SourceAssistProcessor.getSourceActionCommands(SourceAssistProcessor.java:110)
	at org.eclipse.jdt.ls.core.internal.handlers.CodeActionHandler.getCodeActionCommands(CodeActionHandler.java:208)
	at org.eclipse.jdt.ls.core.internal.handlers.JDTLanguageServer.lambda$15(JDTLanguageServer.java:649)
	at org.eclipse.jdt.ls.core.internal.BaseJDTLanguageServer.lambda$0(BaseJDTLanguageServer.java:75)
	at java.base/java.util.concurrent.CompletableFuture$UniApply.tryFire(CompletableFuture.java:642)
	at java.base/java.util.concurrent.CompletableFuture$Completion.run(CompletableFuture.java:478)
	at java.base/java.lang.Thread.run(Thread.java:829)

[Error - 11:07:32 PM] Jan 17, 2022, 11:07:32 PM Index out of bounds
Index out of bounds
Java Model Exception: Error in Java Model (code 980): Index out of bounds
	at org.eclipse.jdt.internal.core.Openable.codeSelect(Openable.java:162)
	at org.eclipse.jdt.internal.core.CompilationUnit.codeSelect(CompilationUnit.java:389)
	at org.eclipse.jdt.internal.core.CompilationUnit.codeSelect(CompilationUnit.java:382)
	at org.eclipse.jdt.ls.core.internal.JDTUtils.findElementsAtSelection(JDTUtils.java:976)
	at org.eclipse.jdt.ls.core.internal.JDTUtils.findElementAtSelection(JDTUtils.java:957)
	at org.eclipse.jdt.ls.core.internal.text.correction.SourceAssistProcessor.getSourceActionCommands(SourceAssistProcessor.java:110)
	at org.eclipse.jdt.ls.core.internal.handlers.CodeActionHandler.getCodeActionCommands(CodeActionHandler.java:208)
	at org.eclipse.jdt.ls.core.internal.handlers.JDTLanguageServer.lambda$15(JDTLanguageServer.java:649)
	at org.eclipse.jdt.ls.core.internal.BaseJDTLanguageServer.lambda$0(BaseJDTLanguageServer.java:75)
	at java.base/java.util.concurrent.CompletableFuture$UniApply.tryFire(CompletableFuture.java:642)
	at java.base/java.util.concurrent.CompletableFuture$Completion.run(CompletableFuture.java:478)
	at java.base/java.lang.Thread.run(Thread.java:829)

[Error - 11:13:45 PM] Jan 17, 2022, 11:13:45 PM BadLocationException
null
org.eclipse.jface.text.BadLocationException
	at org.eclipse.jface.text.TreeLineTracker.fail(TreeLineTracker.java:1054)
	at org.eclipse.jface.text.TreeLineTracker.lineByOffset(TreeLineTracker.java:268)
	at org.eclipse.jface.text.TreeLineTracker.getLineNumberOfOffset(TreeLineTracker.java:1122)
	at org.eclipse.jface.text.AbstractLineTracker.getLineNumberOfOffset(AbstractLineTracker.java:155)
	at org.eclipse.jface.text.AbstractDocument.getLineOfOffset(AbstractDocument.java:872)
	at org.eclipse.core.internal.filebuffers.SynchronizableDocument.getLineOfOffset(SynchronizableDocument.java:334)
	at org.eclipse.jdt.ls.core.internal.handlers.JsonRpcHelpers.toLine(JsonRpcHelpers.java:156)
	at org.eclipse.jdt.ls.core.internal.handlers.JsonRpcHelpers.toLine(JsonRpcHelpers.java:101)
	at org.eclipse.jdt.ls.core.internal.JDTUtils.toRange(JDTUtils.java:857)
	at com.microsoft.java.test.plugin.util.TestItemUtils.parseTestItemRange(TestItemUtils.java:74)
	at com.microsoft.java.test.plugin.util.TestItemUtils.constructJavaTestItem(TestItemUtils.java:58)
	at com.microsoft.java.test.plugin.util.TestSearchUtils.findTestItemsInTypeBinding(TestSearchUtils.java:384)
	at com.microsoft.java.test.plugin.util.TestSearchUtils.findTestTypesAndMethods(TestSearchUtils.java:348)
	at com.microsoft.java.test.plugin.handler.TestDelegateCommandHandler.executeCommand(TestDelegateCommandHandler.java:58)
	at org.eclipse.jdt.ls.core.internal.handlers.WorkspaceExecuteCommandHandler$1.run(WorkspaceExecuteCommandHandler.java:215)
	at org.eclipse.core.runtime.SafeRunner.run(SafeRunner.java:45)
	at org.eclipse.jdt.ls.core.internal.handlers.WorkspaceExecuteCommandHandler.executeCommand(WorkspaceExecuteCommandHandler.java:205)
	at org.eclipse.jdt.ls.core.internal.handlers.JDTLanguageServer.lambda$4(JDTLanguageServer.java:507)
	at org.eclipse.jdt.ls.core.internal.BaseJDTLanguageServer.lambda$0(BaseJDTLanguageServer.java:75)
	at java.base/java.util.concurrent.CompletableFuture$UniApply.tryFire(CompletableFuture.java:642)
	at java.base/java.util.concurrent.CompletableFuture$Completion.run(CompletableFuture.java:478)
	at java.base/java.lang.Thread.run(Thread.java:829)

[Error - 11:14:39 PM] Jan 17, 2022, 11:14:39 PM Problems occurred when invoking code from plug-in: "org.eclipse.jdt.ls.core".
null
java.lang.NullPointerException
	at org.eclipse.jdt.internal.compiler.lookup.UnresolvedAnnotationBinding.resolve(UnresolvedAnnotationBinding.java:34)
	at org.eclipse.jdt.internal.compiler.lookup.UnresolvedAnnotationBinding.getAnnotationType(UnresolvedAnnotationBinding.java:41)
	at org.eclipse.jdt.internal.compiler.lookup.AnnotationBinding.addStandardAnnotations(AnnotationBinding.java:47)
	at org.eclipse.jdt.internal.compiler.lookup.BinaryTypeBinding.retrieveAnnotations(BinaryTypeBinding.java:1855)
	at org.eclipse.jdt.internal.compiler.lookup.ReferenceBinding.getAnnotations(ReferenceBinding.java:1067)
	at org.eclipse.jdt.core.dom.TypeBinding.getAnnotations(TypeBinding.java:122)
	at com.microsoft.java.test.plugin.searcher.JUnit5TestSearcher.matchesNameInAnnotationHierarchy(JUnit5TestSearcher.java:110)
	at com.microsoft.java.test.plugin.searcher.JUnit5TestSearcher.findAnnotation(JUnit5TestSearcher.java:85)
	at com.microsoft.java.test.plugin.searcher.JUnit5TestSearcher.isTestMethod(JUnit5TestSearcher.java:69)
	at com.microsoft.java.test.plugin.util.TestSearchUtils.findTestItemsInTypeBinding(TestSearchUtils.java:370)
	at com.microsoft.java.test.plugin.util.TestSearchUtils.findTestTypesAndMethods(TestSearchUtils.java:348)
	at com.microsoft.java.test.plugin.handler.TestDelegateCommandHandler.executeCommand(TestDelegateCommandHandler.java:58)
	at org.eclipse.jdt.ls.core.internal.handlers.WorkspaceExecuteCommandHandler$1.run(WorkspaceExecuteCommandHandler.java:215)
	at org.eclipse.core.runtime.SafeRunner.run(SafeRunner.java:45)
	at org.eclipse.jdt.ls.core.internal.handlers.WorkspaceExecuteCommandHandler.executeCommand(WorkspaceExecuteCommandHandler.java:205)
	at org.eclipse.jdt.ls.core.internal.handlers.JDTLanguageServer.lambda$4(JDTLanguageServer.java:507)
	at org.eclipse.jdt.ls.core.internal.BaseJDTLanguageServer.lambda$0(BaseJDTLanguageServer.java:75)
	at java.base/java.util.concurrent.CompletableFuture$UniApply.tryFire(CompletableFuture.java:642)
	at java.base/java.util.concurrent.CompletableFuture$Completion.run(CompletableFuture.java:478)
	at java.base/java.lang.Thread.run(Thread.java:829)

[Error - 11:14:39 PM] Jan 17, 2022, 11:14:39 PM Error in calling delegate command handler
null
java.lang.NullPointerException
	at org.eclipse.jdt.internal.compiler.lookup.UnresolvedAnnotationBinding.resolve(UnresolvedAnnotationBinding.java:34)
	at org.eclipse.jdt.internal.compiler.lookup.UnresolvedAnnotationBinding.getAnnotationType(UnresolvedAnnotationBinding.java:41)
	at org.eclipse.jdt.internal.compiler.lookup.AnnotationBinding.addStandardAnnotations(AnnotationBinding.java:47)
	at org.eclipse.jdt.internal.compiler.lookup.BinaryTypeBinding.retrieveAnnotations(BinaryTypeBinding.java:1855)
	at org.eclipse.jdt.internal.compiler.lookup.ReferenceBinding.getAnnotations(ReferenceBinding.java:1067)
	at org.eclipse.jdt.core.dom.TypeBinding.getAnnotations(TypeBinding.java:122)
	at com.microsoft.java.test.plugin.searcher.JUnit5TestSearcher.matchesNameInAnnotationHierarchy(JUnit5TestSearcher.java:110)
	at com.microsoft.java.test.plugin.searcher.JUnit5TestSearcher.findAnnotation(JUnit5TestSearcher.java:85)
	at com.microsoft.java.test.plugin.searcher.JUnit5TestSearcher.isTestMethod(JUnit5TestSearcher.java:69)
	at com.microsoft.java.test.plugin.util.TestSearchUtils.findTestItemsInTypeBinding(TestSearchUtils.java:370)
	at com.microsoft.java.test.plugin.util.TestSearchUtils.findTestTypesAndMethods(TestSearchUtils.java:348)
	at com.microsoft.java.test.plugin.handler.TestDelegateCommandHandler.executeCommand(TestDelegateCommandHandler.java:58)
	at org.eclipse.jdt.ls.core.internal.handlers.WorkspaceExecuteCommandHandler$1.run(WorkspaceExecuteCommandHandler.java:215)
	at org.eclipse.core.runtime.SafeRunner.run(SafeRunner.java:45)
	at org.eclipse.jdt.ls.core.internal.handlers.WorkspaceExecuteCommandHandler.executeCommand(WorkspaceExecuteCommandHandler.java:205)
	at org.eclipse.jdt.ls.core.internal.handlers.JDTLanguageServer.lambda$4(JDTLanguageServer.java:507)
	at org.eclipse.jdt.ls.core.internal.BaseJDTLanguageServer.lambda$0(BaseJDTLanguageServer.java:75)
	at java.base/java.util.concurrent.CompletableFuture$UniApply.tryFire(CompletableFuture.java:642)
	at java.base/java.util.concurrent.CompletableFuture$Completion.run(CompletableFuture.java:478)
	at java.base/java.lang.Thread.run(Thread.java:829)

[Error - 11:15:00 PM] Jan 17, 2022, 11:15:00 PM Problems occurred when invoking code from plug-in: "org.eclipse.jdt.ls.core".
null
java.lang.NullPointerException
	at org.eclipse.jdt.internal.compiler.lookup.BinaryTypeBinding.getField(BinaryTypeBinding.java:1426)
	at org.eclipse.jdt.internal.compiler.lookup.AnnotationBinding.buildTargetAnnotation(AnnotationBinding.java:179)
	at org.eclipse.jdt.internal.compiler.lookup.AnnotationBinding.addStandardAnnotations(AnnotationBinding.java:83)
	at org.eclipse.jdt.internal.compiler.lookup.BinaryTypeBinding.retrieveAnnotations(BinaryTypeBinding.java:1855)
	at org.eclipse.jdt.internal.compiler.lookup.ReferenceBinding.getAnnotations(ReferenceBinding.java:1067)
	at org.eclipse.jdt.core.dom.TypeBinding.getAnnotations(TypeBinding.java:122)
	at com.microsoft.java.test.plugin.searcher.JUnit5TestSearcher.matchesNameInAnnotationHierarchy(JUnit5TestSearcher.java:110)
	at com.microsoft.java.test.plugin.searcher.JUnit5TestSearcher.findAnnotation(JUnit5TestSearcher.java:85)
	at com.microsoft.java.test.plugin.searcher.JUnit5TestSearcher.isTestMethod(JUnit5TestSearcher.java:69)
	at com.microsoft.java.test.plugin.util.TestSearchUtils.findTestItemsInTypeBinding(TestSearchUtils.java:370)
	at com.microsoft.java.test.plugin.util.TestSearchUtils.findTestTypesAndMethods(TestSearchUtils.java:348)
	at com.microsoft.java.test.plugin.handler.TestDelegateCommandHandler.executeCommand(TestDelegateCommandHandler.java:58)
	at org.eclipse.jdt.ls.core.internal.handlers.WorkspaceExecuteCommandHandler$1.run(WorkspaceExecuteCommandHandler.java:215)
	at org.eclipse.core.runtime.SafeRunner.run(SafeRunner.java:45)
	at org.eclipse.jdt.ls.core.internal.handlers.WorkspaceExecuteCommandHandler.executeCommand(WorkspaceExecuteCommandHandler.java:205)
	at org.eclipse.jdt.ls.core.internal.handlers.JDTLanguageServer.lambda$4(JDTLanguageServer.java:507)
	at org.eclipse.jdt.ls.core.internal.BaseJDTLanguageServer.lambda$0(BaseJDTLanguageServer.java:75)
	at java.base/java.util.concurrent.CompletableFuture$UniApply.tryFire(CompletableFuture.java:642)
	at java.base/java.util.concurrent.CompletableFuture$Completion.run(CompletableFuture.java:478)
	at java.base/java.lang.Thread.run(Thread.java:829)

[Error - 11:15:00 PM] Jan 17, 2022, 11:15:00 PM Error in calling delegate command handler
null
java.lang.NullPointerException
	at org.eclipse.jdt.internal.compiler.lookup.BinaryTypeBinding.getField(BinaryTypeBinding.java:1426)
	at org.eclipse.jdt.internal.compiler.lookup.AnnotationBinding.buildTargetAnnotation(AnnotationBinding.java:179)
	at org.eclipse.jdt.internal.compiler.lookup.AnnotationBinding.addStandardAnnotations(AnnotationBinding.java:83)
	at org.eclipse.jdt.internal.compiler.lookup.BinaryTypeBinding.retrieveAnnotations(BinaryTypeBinding.java:1855)
	at org.eclipse.jdt.internal.compiler.lookup.ReferenceBinding.getAnnotations(ReferenceBinding.java:1067)
	at org.eclipse.jdt.core.dom.TypeBinding.getAnnotations(TypeBinding.java:122)
	at com.microsoft.java.test.plugin.searcher.JUnit5TestSearcher.matchesNameInAnnotationHierarchy(JUnit5TestSearcher.java:110)
	at com.microsoft.java.test.plugin.searcher.JUnit5TestSearcher.findAnnotation(JUnit5TestSearcher.java:85)
	at com.microsoft.java.test.plugin.searcher.JUnit5TestSearcher.isTestMethod(JUnit5TestSearcher.java:69)
	at com.microsoft.java.test.plugin.util.TestSearchUtils.findTestItemsInTypeBinding(TestSearchUtils.java:370)
	at com.microsoft.java.test.plugin.util.TestSearchUtils.findTestTypesAndMethods(TestSearchUtils.java:348)
	at com.microsoft.java.test.plugin.handler.TestDelegateCommandHandler.executeCommand(TestDelegateCommandHandler.java:58)
	at org.eclipse.jdt.ls.core.internal.handlers.WorkspaceExecuteCommandHandler$1.run(WorkspaceExecuteCommandHandler.java:215)
	at org.eclipse.core.runtime.SafeRunner.run(SafeRunner.java:45)
	at org.eclipse.jdt.ls.core.internal.handlers.WorkspaceExecuteCommandHandler.executeCommand(WorkspaceExecuteCommandHandler.java:205)
	at org.eclipse.jdt.ls.core.internal.handlers.JDTLanguageServer.lambda$4(JDTLanguageServer.java:507)
	at org.eclipse.jdt.ls.core.internal.BaseJDTLanguageServer.lambda$0(BaseJDTLanguageServer.java:75)
	at java.base/java.util.concurrent.CompletableFuture$UniApply.tryFire(CompletableFuture.java:642)
	at java.base/java.util.concurrent.CompletableFuture$Completion.run(CompletableFuture.java:478)
	at java.base/java.lang.Thread.run(Thread.java:829)

[Error - 11:15:11 PM] Jan 17, 2022, 11:15:11 PM Problems occurred when invoking code from plug-in: "org.eclipse.jdt.ls.core".
null
java.lang.NullPointerException

[Error - 11:15:11 PM] Jan 17, 2022, 11:15:11 PM Error in calling delegate command handler
null
java.lang.NullPointerException

[Error - 11:15:52 PM] Jan 17, 2022, 11:15:52 PM Problems occurred when invoking code from plug-in: "org.eclipse.jdt.ls.core".
null
java.lang.NullPointerException
	at org.eclipse.jdt.internal.compiler.lookup.BinaryTypeBinding.getField(BinaryTypeBinding.java:1426)
	at org.eclipse.jdt.internal.compiler.lookup.BinaryTypeBinding.convertMemberValue(BinaryTypeBinding.java:151)
	at org.eclipse.jdt.internal.compiler.lookup.BinaryTypeBinding.convertMemberValue(BinaryTypeBinding.java:159)
	at org.eclipse.jdt.internal.compiler.lookup.BinaryTypeBinding.createAnnotation(BinaryTypeBinding.java:199)
	at org.eclipse.jdt.internal.compiler.lookup.BinaryTypeBinding.createAnnotations(BinaryTypeBinding.java:212)
	at org.eclipse.jdt.internal.compiler.lookup.BinaryTypeBinding.cachePartsFrom(BinaryTypeBinding.java:673)
	at org.eclipse.jdt.internal.compiler.lookup.LookupEnvironment.createBinaryTypeFrom(LookupEnvironment.java:1055)
	at org.eclipse.jdt.internal.compiler.lookup.LookupEnvironment.createBinaryTypeFrom(LookupEnvironment.java:1036)
	at org.eclipse.jdt.internal.compiler.Compiler.accept(Compiler.java:308)
	at org.eclipse.jdt.internal.compiler.lookup.LookupEnvironment.askForType(LookupEnvironment.java:257)
	at org.eclipse.jdt.internal.compiler.lookup.UnresolvedReferenceBinding.resolve(UnresolvedReferenceBinding.java:114)
	at org.eclipse.jdt.internal.compiler.lookup.BinaryTypeBinding.resolveType(BinaryTypeBinding.java:248)
	at org.eclipse.jdt.internal.compiler.lookup.UnresolvedAnnotationBinding.resolve(UnresolvedAnnotationBinding.java:31)
	at org.eclipse.jdt.internal.compiler.lookup.UnresolvedAnnotationBinding.getAnnotationType(UnresolvedAnnotationBinding.java:41)
	at org.eclipse.jdt.internal.compiler.lookup.AnnotationBinding.addStandardAnnotations(AnnotationBinding.java:47)
	at org.eclipse.jdt.internal.compiler.lookup.BinaryTypeBinding.retrieveAnnotations(BinaryTypeBinding.java:1855)
	at org.eclipse.jdt.internal.compiler.lookup.ReferenceBinding.getAnnotations(ReferenceBinding.java:1067)
	at org.eclipse.jdt.core.dom.TypeBinding.getAnnotations(TypeBinding.java:122)
	at com.microsoft.java.test.plugin.searcher.JUnit5TestSearcher.matchesNameInAnnotationHierarchy(JUnit5TestSearcher.java:110)
	at com.microsoft.java.test.plugin.searcher.JUnit5TestSearcher.findAnnotation(JUnit5TestSearcher.java:85)
	at com.microsoft.java.test.plugin.searcher.JUnit5TestSearcher.isTestMethod(JUnit5TestSearcher.java:69)
	at com.microsoft.java.test.plugin.util.TestSearchUtils.findTestItemsInTypeBinding(TestSearchUtils.java:370)
	at com.microsoft.java.test.plugin.util.TestSearchUtils.findTestTypesAndMethods(TestSearchUtils.java:348)
	at com.microsoft.java.test.plugin.handler.TestDelegateCommandHandler.executeCommand(TestDelegateCommandHandler.java:58)
	at org.eclipse.jdt.ls.core.internal.handlers.WorkspaceExecuteCommandHandler$1.run(WorkspaceExecuteCommandHandler.java:215)
	at org.eclipse.core.runtime.SafeRunner.run(SafeRunner.java:45)
	at org.eclipse.jdt.ls.core.internal.handlers.WorkspaceExecuteCommandHandler.executeCommand(WorkspaceExecuteCommandHandler.java:205)
	at org.eclipse.jdt.ls.core.internal.handlers.JDTLanguageServer.lambda$4(JDTLanguageServer.java:507)
	at org.eclipse.jdt.ls.core.internal.BaseJDTLanguageServer.lambda$0(BaseJDTLanguageServer.java:75)
	at java.base/java.util.concurrent.CompletableFuture$UniApply.tryFire(CompletableFuture.java:642)
	at java.base/java.util.concurrent.CompletableFuture$Completion.run(CompletableFuture.java:478)
	at java.base/java.lang.Thread.run(Thread.java:829)

[Error - 11:15:52 PM] Jan 17, 2022, 11:15:52 PM Error in calling delegate command handler
null
java.lang.NullPointerException
	at org.eclipse.jdt.internal.compiler.lookup.BinaryTypeBinding.getField(BinaryTypeBinding.java:1426)
	at org.eclipse.jdt.internal.compiler.lookup.BinaryTypeBinding.convertMemberValue(BinaryTypeBinding.java:151)
	at org.eclipse.jdt.internal.compiler.lookup.BinaryTypeBinding.convertMemberValue(BinaryTypeBinding.java:159)
	at org.eclipse.jdt.internal.compiler.lookup.BinaryTypeBinding.createAnnotation(BinaryTypeBinding.java:199)
	at org.eclipse.jdt.internal.compiler.lookup.BinaryTypeBinding.createAnnotations(BinaryTypeBinding.java:212)
	at org.eclipse.jdt.internal.compiler.lookup.BinaryTypeBinding.cachePartsFrom(BinaryTypeBinding.java:673)
	at org.eclipse.jdt.internal.compiler.lookup.LookupEnvironment.createBinaryTypeFrom(LookupEnvironment.java:1055)
	at org.eclipse.jdt.internal.compiler.lookup.LookupEnvironment.createBinaryTypeFrom(LookupEnvironment.java:1036)
	at org.eclipse.jdt.internal.compiler.Compiler.accept(Compiler.java:308)
	at org.eclipse.jdt.internal.compiler.lookup.LookupEnvironment.askForType(LookupEnvironment.java:257)
	at org.eclipse.jdt.internal.compiler.lookup.UnresolvedReferenceBinding.resolve(UnresolvedReferenceBinding.java:114)
	at org.eclipse.jdt.internal.compiler.lookup.BinaryTypeBinding.resolveType(BinaryTypeBinding.java:248)
	at org.eclipse.jdt.internal.compiler.lookup.UnresolvedAnnotationBinding.resolve(UnresolvedAnnotationBinding.java:31)
	at org.eclipse.jdt.internal.compiler.lookup.UnresolvedAnnotationBinding.getAnnotationType(UnresolvedAnnotationBinding.java:41)
	at org.eclipse.jdt.internal.compiler.lookup.AnnotationBinding.addStandardAnnotations(AnnotationBinding.java:47)
	at org.eclipse.jdt.internal.compiler.lookup.BinaryTypeBinding.retrieveAnnotations(BinaryTypeBinding.java:1855)
	at org.eclipse.jdt.internal.compiler.lookup.ReferenceBinding.getAnnotations(ReferenceBinding.java:1067)
	at org.eclipse.jdt.core.dom.TypeBinding.getAnnotations(TypeBinding.java:122)
	at com.microsoft.java.test.plugin.searcher.JUnit5TestSearcher.matchesNameInAnnotationHierarchy(JUnit5TestSearcher.java:110)
	at com.microsoft.java.test.plugin.searcher.JUnit5TestSearcher.findAnnotation(JUnit5TestSearcher.java:85)
	at com.microsoft.java.test.plugin.searcher.JUnit5TestSearcher.isTestMethod(JUnit5TestSearcher.java:69)
	at com.microsoft.java.test.plugin.util.TestSearchUtils.findTestItemsInTypeBinding(TestSearchUtils.java:370)
	at com.microsoft.java.test.plugin.util.TestSearchUtils.findTestTypesAndMethods(TestSearchUtils.java:348)
	at com.microsoft.java.test.plugin.handler.TestDelegateCommandHandler.executeCommand(TestDelegateCommandHandler.java:58)
	at org.eclipse.jdt.ls.core.internal.handlers.WorkspaceExecuteCommandHandler$1.run(WorkspaceExecuteCommandHandler.java:215)
	at org.eclipse.core.runtime.SafeRunner.run(SafeRunner.java:45)
	at org.eclipse.jdt.ls.core.internal.handlers.WorkspaceExecuteCommandHandler.executeCommand(WorkspaceExecuteCommandHandler.java:205)
	at org.eclipse.jdt.ls.core.internal.handlers.JDTLanguageServer.lambda$4(JDTLanguageServer.java:507)
	at org.eclipse.jdt.ls.core.internal.BaseJDTLanguageServer.lambda$0(BaseJDTLanguageServer.java:75)
	at java.base/java.util.concurrent.CompletableFuture$UniApply.tryFire(CompletableFuture.java:642)
	at java.base/java.util.concurrent.CompletableFuture$Completion.run(CompletableFuture.java:478)
	at java.base/java.lang.Thread.run(Thread.java:829)

