[2021-12-04 17:22:27.967] [exthost] [info] extension host started
[2021-12-04 17:22:27.979] [exthost] [info] Lock '/home/jkunle/code_profiles/node/data/User/workspaceStorage/-1d679cde/vscode.lock': Lock acquired.
[2021-12-04 17:22:28.153] [exthost] [info] ExtensionService#_doActivateExtension vscode.debug-auto-launch {"startup":true,"extensionId":{"value":"vscode.debug-auto-launch","_lower":"vscode.debug-auto-launch"},"activationEvent":"*"}
[2021-12-04 17:22:28.154] [exthost] [info] ExtensionService#loadCommonJSModule file:///home/jkunle/.local/lib/code-server-3.12.0/vendor/modules/code-oss-dev/extensions/debug-auto-launch/dist/extension
[2021-12-04 17:22:28.164] [exthost] [info] ExtensionService#_doActivateExtension vscode.git {"startup":true,"extensionId":{"value":"vscode.github","_lower":"vscode.github"},"activationEvent":"*"}
[2021-12-04 17:22:28.164] [exthost] [info] ExtensionService#loadCommonJSModule file:///home/jkunle/.local/lib/code-server-3.12.0/vendor/modules/code-oss-dev/extensions/git/dist/main
[2021-12-04 17:22:28.317] [exthost] [info] ExtensionService#_doActivateExtension christian-kohler.path-intellisense {"startup":true,"extensionId":{"value":"christian-kohler.path-intellisense","_lower":"christian-kohler.path-intellisense"},"activationEvent":"*"}
[2021-12-04 17:22:28.317] [exthost] [info] ExtensionService#loadCommonJSModule file:///home/jkunle/code_profiles/node/extensions/christian-kohler.path-intellisense-2.4.1/out/extension.js
[2021-12-04 17:22:28.396] [exthost] [info] ExtensionService#_doActivateExtension PKief.material-icon-theme {"startup":true,"extensionId":{"value":"PKief.material-icon-theme","_lower":"pkief.material-icon-theme"},"activationEvent":"*"}
[2021-12-04 17:22:28.396] [exthost] [info] ExtensionService#loadCommonJSModule file:///home/jkunle/code_profiles/node/extensions/pkief.material-icon-theme-4.0.1/dist/extension
[2021-12-04 17:22:28.613] [exthost] [info] Extension 'christian-kohler.path-intellisense' uses a document selector without scheme. Learn more about this: https://go.microsoft.com/fwlink/?linkid=872305
[2021-12-04 17:22:28.650] [exthost] [info] ExtensionService#_doActivateExtension vscode.github {"startup":true,"extensionId":{"value":"vscode.github","_lower":"vscode.github"},"activationEvent":"*"}
[2021-12-04 17:22:28.650] [exthost] [info] ExtensionService#loadCommonJSModule file:///home/jkunle/.local/lib/code-server-3.12.0/vendor/modules/code-oss-dev/extensions/github/dist/extension.js
[2021-12-04 17:22:28.785] [exthost] [info] ExtensionService#_doActivateExtension vscode.emmet {"startup":false,"extensionId":{"value":"vscode.emmet","_lower":"vscode.emmet"},"activationEvent":"onStartupFinished"}
[2021-12-04 17:22:28.785] [exthost] [info] ExtensionService#loadCommonJSModule file:///home/jkunle/.local/lib/code-server-3.12.0/vendor/modules/code-oss-dev/extensions/emmet/dist/node/emmetNodeMain
[2021-12-04 17:22:28.810] [exthost] [info] ExtensionService#_doActivateExtension vscode.merge-conflict {"startup":false,"extensionId":{"value":"vscode.merge-conflict","_lower":"vscode.merge-conflict"},"activationEvent":"onStartupFinished"}
[2021-12-04 17:22:28.810] [exthost] [info] ExtensionService#loadCommonJSModule file:///home/jkunle/.local/lib/code-server-3.12.0/vendor/modules/code-oss-dev/extensions/merge-conflict/dist/mergeConflictMain
[2021-12-04 17:22:28.816] [exthost] [info] ExtensionService#_doActivateExtension dbaeumer.vscode-eslint {"startup":false,"extensionId":{"value":"dbaeumer.vscode-eslint","_lower":"dbaeumer.vscode-eslint"},"activationEvent":"onStartupFinished"}
[2021-12-04 17:22:28.817] [exthost] [info] ExtensionService#loadCommonJSModule file:///home/jkunle/code_profiles/node/extensions/dbaeumer.vscode-eslint-2.1.10/client/out/extension
[2021-12-04 17:22:28.914] [exthost] [info] ExtensionService#_doActivateExtension esbenp.prettier-vscode {"startup":false,"extensionId":{"value":"esbenp.prettier-vscode","_lower":"esbenp.prettier-vscode"},"activationEvent":"onStartupFinished"}
[2021-12-04 17:22:28.914] [exthost] [info] ExtensionService#loadCommonJSModule file:///home/jkunle/code_profiles/node/extensions/esbenp.prettier-vscode-9.0.0/dist/extension
[2021-12-04 17:22:29.897] [exthost] [info] eager extensions activated
[2021-12-04 17:22:30.395] [exthost] [info] Extension 'esbenp.prettier-vscode' uses a document selector without scheme. Learn more about this: https://go.microsoft.com/fwlink/?linkid=872305
[2021-12-04 17:22:30.397] [exthost] [info] ExtensionService#_doActivateExtension ms-vscode.js-debug {"startup":false,"extensionId":{"value":"ms-vscode.js-debug","_lower":"ms-vscode.js-debug"},"activationEvent":"onCommand:extension.js-debug.clearAutoAttachVariables"}
[2021-12-04 17:22:30.397] [exthost] [info] ExtensionService#loadCommonJSModule file:///home/jkunle/.local/lib/code-server-3.12.0/vendor/modules/code-oss-dev/extensions/ms-vscode.js-debug/src/extension.js
[2021-12-04 17:28:46.690] [exthost] [info] ExtensionService#_doActivateExtension vscode.typescript-language-features {"startup":false,"extensionId":{"value":"vscode.typescript-language-features","_lower":"vscode.typescript-language-features"},"activationEvent":"onLanguage:javascript"}
[2021-12-04 17:28:46.690] [exthost] [info] ExtensionService#loadCommonJSModule file:///home/jkunle/.local/lib/code-server-3.12.0/vendor/modules/code-oss-dev/extensions/typescript-language-features/dist/extension
[2021-12-04 17:28:46.860] [exthost] [info] ExtensionService#_doActivateExtension bierner.lit-html {"startup":false,"extensionId":{"value":"bierner.lit-html","_lower":"bierner.lit-html"},"activationEvent":"onLanguage:javascript"}
[2021-12-04 17:28:46.860] [exthost] [info] ExtensionService#loadCommonJSModule file:///home/jkunle/code_profiles/node/extensions/bierner.lit-html-1.11.1/out/index.js
[2021-12-04 17:28:46.913] [exthost] [info] ExtensionService#_doActivateExtension christian-kohler.npm-intellisense {"startup":false,"extensionId":{"value":"christian-kohler.npm-intellisense","_lower":"christian-kohler.npm-intellisense"},"activationEvent":"onLanguage:javascript"}
[2021-12-04 17:28:46.913] [exthost] [info] ExtensionService#loadCommonJSModule file:///home/jkunle/code_profiles/node/extensions/christian-kohler.npm-intellisense-1.2.1/out/src/extension
[2021-12-04 17:28:47.259] [exthost] [warning] [Deprecation Warning] 'workspace.rootPath' is deprecated. Please use 'workspace.workspaceFolders' instead. More details: https://aka.ms/vscode-eliminating-rootpath
[2021-12-04 17:28:47.259] [exthost] [info] Extension 'christian-kohler.npm-intellisense' uses a document selector without scheme. Learn more about this: https://go.microsoft.com/fwlink/?linkid=872305
[2021-12-04 17:34:33.794] [exthost] [info] ExtensionService#_doActivateExtension vscode.extension-editing {"startup":false,"extensionId":{"value":"vscode.extension-editing","_lower":"vscode.extension-editing"},"activationEvent":"onLanguage:typescript"}
[2021-12-04 17:34:33.795] [exthost] [info] ExtensionService#loadCommonJSModule file:///home/jkunle/.local/lib/code-server-3.12.0/vendor/modules/code-oss-dev/extensions/extension-editing/dist/extensionEditingMain
[2021-12-04 17:35:53.499] [exthost] [info] ExtensionService#_doActivateExtension vscode.configuration-editing {"startup":false,"extensionId":{"value":"vscode.configuration-editing","_lower":"vscode.configuration-editing"},"activationEvent":"onLanguage:json"}
[2021-12-04 17:35:53.499] [exthost] [info] ExtensionService#loadCommonJSModule file:///home/jkunle/.local/lib/code-server-3.12.0/vendor/modules/code-oss-dev/extensions/configuration-editing/dist/configurationEditingMain
[2021-12-04 17:35:53.566] [exthost] [info] ExtensionService#_doActivateExtension vscode.json-language-features {"startup":false,"extensionId":{"value":"vscode.json-language-features","_lower":"vscode.json-language-features"},"activationEvent":"onLanguage:json"}
[2021-12-04 17:35:53.566] [exthost] [info] ExtensionService#loadCommonJSModule file:///home/jkunle/.local/lib/code-server-3.12.0/vendor/modules/code-oss-dev/extensions/json-language-features/client/dist/node/jsonClientMain
[2021-12-04 17:35:53.757] [exthost] [info] ExtensionService#_doActivateExtension vscode.npm {"startup":false,"extensionId":{"value":"vscode.npm","_lower":"vscode.npm"},"activationEvent":"onLanguage:json"}
[2021-12-04 17:35:53.757] [exthost] [info] ExtensionService#loadCommonJSModule file:///home/jkunle/.local/lib/code-server-3.12.0/vendor/modules/code-oss-dev/extensions/npm/dist/npmMain
[2021-12-04 18:03:52.903] [exthost] [error] [vscode.typescript-language-features] provider FAILED
[2021-12-04 18:03:52.903] [exthost] [error] Error: <semantic> TypeScript Server Error (4.4.2)
Debug Failure. False expression: Changes overlap
Verbose Debug Information: {"pos":26,"end":79} and {"pos":67,"end":78}
Error: Debug Failure. False expression: Changes overlap
Verbose Debug Information: {"pos":26,"end":79} and {"pos":67,"end":78}
    at _loop_11 (/home/jkunle/.local/lib/code-server-3.12.0/vendor/modules/code-oss-dev/extensions/node_modules/typescript/lib/tsserver.js:142117:34)
    at /home/jkunle/.local/lib/code-server-3.12.0/vendor/modules/code-oss-dev/extensions/node_modules/typescript/lib/tsserver.js:142123:25
    at Object.mapDefined (/home/jkunle/.local/lib/code-server-3.12.0/vendor/modules/code-oss-dev/extensions/node_modules/typescript/lib/tsserver.js:616:30)
    at Object.getTextChangesFromChanges (/home/jkunle/.local/lib/code-server-3.12.0/vendor/modules/code-oss-dev/extensions/node_modules/typescript/lib/tsserver.js:142111:27)
    at ChangeTracker.getChanges (/home/jkunle/.local/lib/code-server-3.12.0/vendor/modules/code-oss-dev/extensions/node_modules/typescript/lib/tsserver.js:142079:45)
    at Function.ChangeTracker.with (/home/jkunle/.local/lib/code-server-3.12.0/vendor/modules/code-oss-dev/extensions/node_modules/typescript/lib/tsserver.js:141533:32)
    at Object.getCodeActions (/home/jkunle/.local/lib/code-server-3.12.0/vendor/modules/code-oss-dev/extensions/node_modules/typescript/lib/tsserver.js:144336:64)
    at /home/jkunle/.local/lib/code-server-3.12.0/vendor/modules/code-oss-dev/extensions/node_modules/typescript/lib/tsserver.js:142718:77
    at Object.flatMap (/home/jkunle/.local/lib/code-server-3.12.0/vendor/modules/code-oss-dev/extensions/node_modules/typescript/lib/tsserver.js:519:25)
    at Object.getFixes (/home/jkunle/.local/lib/code-server-3.12.0/vendor/modules/code-oss-dev/extensions/node_modules/typescript/lib/tsserver.js:142718:23)
    at /home/jkunle/.local/lib/code-server-3.12.0/vendor/modules/code-oss-dev/extensions/node_modules/typescript/lib/tsserver.js:157101:35
    at Object.flatMap (/home/jkunle/.local/lib/code-server-3.12.0/vendor/modules/code-oss-dev/extensions/node_modules/typescript/lib/tsserver.js:519:25)
    at Object.getCodeFixesAtPosition (/home/jkunle/.local/lib/code-server-3.12.0/vendor/modules/code-oss-dev/extensions/node_modules/typescript/lib/tsserver.js:157099:23)
    at Proxy.<anonymous> (/home/jkunle/code_profiles/node/extensions/bierner.lit-html-1.11.1/node_modules/typescript-template-language-service-decorator/lib/template-language-service-decorator.js:144:20)
    at IOSession.Session.getCodeFixes (/home/jkunle/.local/lib/code-server-3.12.0/vendor/modules/code-oss-dev/extensions/node_modules/typescript/lib/tsserver.js:168560:64)
    at Session.handlers.ts.Map.ts.getEntries._a.<computed> (/home/jkunle/.local/lib/code-server-3.12.0/vendor/modules/code-oss-dev/extensions/node_modules/typescript/lib/tsserver.js:167198:61)
    at /home/jkunle/.local/lib/code-server-3.12.0/vendor/modules/code-oss-dev/extensions/node_modules/typescript/lib/tsserver.js:168873:88
    at IOSession.Session.executeWithRequestId (/home/jkunle/.local/lib/code-server-3.12.0/vendor/modules/code-oss-dev/extensions/node_modules/typescript/lib/tsserver.js:168864:28)
    at IOSession.Session.executeCommand (/home/jkunle/.local/lib/code-server-3.12.0/vendor/modules/code-oss-dev/extensions/node_modules/typescript/lib/tsserver.js:168873:33)
    at IOSession.Session.onMessage (/home/jkunle/.local/lib/code-server-3.12.0/vendor/modules/code-oss-dev/extensions/node_modules/typescript/lib/tsserver.js:168899:35)
    at Interface.<anonymous> (/home/jkunle/.local/lib/code-server-3.12.0/vendor/modules/code-oss-dev/extensions/node_modules/typescript/lib/tsserver.js:171504:31)
    at Interface.emit (events.js:400:28)
    at Interface._onLine (readline.js:364:10)
    at Interface._normalWrite (readline.js:509:12)
    at Socket.ondata (readline.js:216:10)
    at Socket.emit (events.js:400:28)
    at addChunk (internal/streams/readable.js:290:12)
    at readableAddChunk (internal/streams/readable.js:265:9)
    at Socket.Readable.push (internal/streams/readable.js:204:10)
    at Pipe.onStreamRead (internal/stream_base_commons.js:188:23)
	at Function.create (/home/jkunle/.local/lib/code-server-3.12.0/vendor/modules/code-oss-dev/extensions/typescript-language-features/dist/extension.js:1:461137)
	at dispatchResponse (/home/jkunle/.local/lib/code-server-3.12.0/vendor/modules/code-oss-dev/extensions/typescript-language-features/dist/extension.js:1:454973)
	at dispatchMessage (/home/jkunle/.local/lib/code-server-3.12.0/vendor/modules/code-oss-dev/extensions/typescript-language-features/dist/extension.js:1:453830)
	at /home/jkunle/.local/lib/code-server-3.12.0/vendor/modules/code-oss-dev/extensions/typescript-language-features/dist/extension.js:1:453315
	at c.fire (/home/jkunle/.local/lib/code-server-3.12.0/vendor/modules/code-oss-dev/out/vs/workbench/services/extensions/node/extensionHostProcess.js:66:1712)
	at m.onLengthData (/home/jkunle/.local/lib/code-server-3.12.0/vendor/modules/code-oss-dev/extensions/typescript-language-features/dist/extension.js:1:464066)
	at Socket.<anonymous> (/home/jkunle/.local/lib/code-server-3.12.0/vendor/modules/code-oss-dev/extensions/typescript-language-features/dist/extension.js:1:463713)
	at Socket.emit (events.js:400:28)
	at Socket.emit (domain.js:470:12)
	at addChunk (internal/streams/readable.js:290:12)
	at readableAddChunk (internal/streams/readable.js:265:9)
	at Socket.Readable.push (internal/streams/readable.js:204:10)
	at Pipe.onStreamRead (internal/stream_base_commons.js:188:23)
[2021-12-04 18:03:56.417] [exthost] [error] [vscode.typescript-language-features] provider FAILED
[2021-12-04 18:03:56.417] [exthost] [error] Error: <semantic> TypeScript Server Error (4.4.2)
Debug Failure. False expression: Changes overlap
Verbose Debug Information: {"pos":26,"end":79} and {"pos":67,"end":78}
Error: Debug Failure. False expression: Changes overlap
Verbose Debug Information: {"pos":26,"end":79} and {"pos":67,"end":78}
    at _loop_11 (/home/jkunle/.local/lib/code-server-3.12.0/vendor/modules/code-oss-dev/extensions/node_modules/typescript/lib/tsserver.js:142117:34)
    at /home/jkunle/.local/lib/code-server-3.12.0/vendor/modules/code-oss-dev/extensions/node_modules/typescript/lib/tsserver.js:142123:25
    at Object.mapDefined (/home/jkunle/.local/lib/code-server-3.12.0/vendor/modules/code-oss-dev/extensions/node_modules/typescript/lib/tsserver.js:616:30)
    at Object.getTextChangesFromChanges (/home/jkunle/.local/lib/code-server-3.12.0/vendor/modules/code-oss-dev/extensions/node_modules/typescript/lib/tsserver.js:142111:27)
    at ChangeTracker.getChanges (/home/jkunle/.local/lib/code-server-3.12.0/vendor/modules/code-oss-dev/extensions/node_modules/typescript/lib/tsserver.js:142079:45)
    at Function.ChangeTracker.with (/home/jkunle/.local/lib/code-server-3.12.0/vendor/modules/code-oss-dev/extensions/node_modules/typescript/lib/tsserver.js:141533:32)
    at Object.getCodeActions (/home/jkunle/.local/lib/code-server-3.12.0/vendor/modules/code-oss-dev/extensions/node_modules/typescript/lib/tsserver.js:144336:64)
    at /home/jkunle/.local/lib/code-server-3.12.0/vendor/modules/code-oss-dev/extensions/node_modules/typescript/lib/tsserver.js:142718:77
    at Object.flatMap (/home/jkunle/.local/lib/code-server-3.12.0/vendor/modules/code-oss-dev/extensions/node_modules/typescript/lib/tsserver.js:519:25)
    at Object.getFixes (/home/jkunle/.local/lib/code-server-3.12.0/vendor/modules/code-oss-dev/extensions/node_modules/typescript/lib/tsserver.js:142718:23)
    at /home/jkunle/.local/lib/code-server-3.12.0/vendor/modules/code-oss-dev/extensions/node_modules/typescript/lib/tsserver.js:157101:35
    at Object.flatMap (/home/jkunle/.local/lib/code-server-3.12.0/vendor/modules/code-oss-dev/extensions/node_modules/typescript/lib/tsserver.js:519:25)
    at Object.getCodeFixesAtPosition (/home/jkunle/.local/lib/code-server-3.12.0/vendor/modules/code-oss-dev/extensions/node_modules/typescript/lib/tsserver.js:157099:23)
    at Proxy.<anonymous> (/home/jkunle/code_profiles/node/extensions/bierner.lit-html-1.11.1/node_modules/typescript-template-language-service-decorator/lib/template-language-service-decorator.js:144:20)
    at IOSession.Session.getCodeFixes (/home/jkunle/.local/lib/code-server-3.12.0/vendor/modules/code-oss-dev/extensions/node_modules/typescript/lib/tsserver.js:168560:64)
    at Session.handlers.ts.Map.ts.getEntries._a.<computed> (/home/jkunle/.local/lib/code-server-3.12.0/vendor/modules/code-oss-dev/extensions/node_modules/typescript/lib/tsserver.js:167198:61)
    at /home/jkunle/.local/lib/code-server-3.12.0/vendor/modules/code-oss-dev/extensions/node_modules/typescript/lib/tsserver.js:168873:88
    at IOSession.Session.executeWithRequestId (/home/jkunle/.local/lib/code-server-3.12.0/vendor/modules/code-oss-dev/extensions/node_modules/typescript/lib/tsserver.js:168864:28)
    at IOSession.Session.executeCommand (/home/jkunle/.local/lib/code-server-3.12.0/vendor/modules/code-oss-dev/extensions/node_modules/typescript/lib/tsserver.js:168873:33)
    at IOSession.Session.onMessage (/home/jkunle/.local/lib/code-server-3.12.0/vendor/modules/code-oss-dev/extensions/node_modules/typescript/lib/tsserver.js:168899:35)
    at Interface.<anonymous> (/home/jkunle/.local/lib/code-server-3.12.0/vendor/modules/code-oss-dev/extensions/node_modules/typescript/lib/tsserver.js:171504:31)
    at Interface.emit (events.js:400:28)
    at Interface._onLine (readline.js:364:10)
    at Interface._normalWrite (readline.js:509:12)
    at Socket.ondata (readline.js:216:10)
    at Socket.emit (events.js:400:28)
    at addChunk (internal/streams/readable.js:290:12)
    at readableAddChunk (internal/streams/readable.js:265:9)
    at Socket.Readable.push (internal/streams/readable.js:204:10)
    at Pipe.onStreamRead (internal/stream_base_commons.js:188:23)
	at Function.create (/home/jkunle/.local/lib/code-server-3.12.0/vendor/modules/code-oss-dev/extensions/typescript-language-features/dist/extension.js:1:461137)
	at dispatchResponse (/home/jkunle/.local/lib/code-server-3.12.0/vendor/modules/code-oss-dev/extensions/typescript-language-features/dist/extension.js:1:454973)
	at dispatchMessage (/home/jkunle/.local/lib/code-server-3.12.0/vendor/modules/code-oss-dev/extensions/typescript-language-features/dist/extension.js:1:453830)
	at /home/jkunle/.local/lib/code-server-3.12.0/vendor/modules/code-oss-dev/extensions/typescript-language-features/dist/extension.js:1:453315
	at c.fire (/home/jkunle/.local/lib/code-server-3.12.0/vendor/modules/code-oss-dev/out/vs/workbench/services/extensions/node/extensionHostProcess.js:66:1712)
	at m.onLengthData (/home/jkunle/.local/lib/code-server-3.12.0/vendor/modules/code-oss-dev/extensions/typescript-language-features/dist/extension.js:1:464066)
	at Socket.<anonymous> (/home/jkunle/.local/lib/code-server-3.12.0/vendor/modules/code-oss-dev/extensions/typescript-language-features/dist/extension.js:1:463713)
	at Socket.emit (events.js:400:28)
	at Socket.emit (domain.js:470:12)
	at addChunk (internal/streams/readable.js:290:12)
	at readableAddChunk (internal/streams/readable.js:265:9)
	at Socket.Readable.push (internal/streams/readable.js:204:10)
	at Pipe.onStreamRead (internal/stream_base_commons.js:188:23)
