[Error - 10:08:51 PM] Nov 8, 2021, 10:08:51 PM Failed to load extension bundles 
Load bundle list
org.eclipse.core.runtime.CoreException: Load bundle list
	at org.eclipse.jdt.ls.core.internal.handlers.BundleUtils.loadBundles(BundleUtils.java:169)
	at org.eclipse.jdt.ls.core.internal.handlers.InitHandler.handleInitializationOptions(InitHandler.java:89)
	at org.eclipse.jdt.ls.core.internal.handlers.BaseInitHandler.initialize(BaseInitHandler.java:63)
	at org.eclipse.jdt.ls.core.internal.handlers.JDTLanguageServer.initialize(JDTLanguageServer.java:237)
	at java.base/jdk.internal.reflect.NativeMethodAccessorImpl.invoke0(Native Method)
	at java.base/jdk.internal.reflect.NativeMethodAccessorImpl.invoke(NativeMethodAccessorImpl.java:62)
	at java.base/jdk.internal.reflect.DelegatingMethodAccessorImpl.invoke(DelegatingMethodAccessorImpl.java:43)
	at java.base/java.lang.reflect.Method.invoke(Method.java:566)
	at org.eclipse.lsp4j.jsonrpc.services.GenericEndpoint.lambda$null$0(GenericEndpoint.java:65)
	at org.eclipse.lsp4j.jsonrpc.services.GenericEndpoint.request(GenericEndpoint.java:120)
	at org.eclipse.lsp4j.jsonrpc.RemoteEndpoint.handleRequest(RemoteEndpoint.java:261)
	at org.eclipse.lsp4j.jsonrpc.RemoteEndpoint.consume(RemoteEndpoint.java:190)
	at org.eclipse.jdt.ls.core.internal.ParentProcessWatcher.lambda$0(ParentProcessWatcher.java:123)
	at org.eclipse.lsp4j.jsonrpc.json.StreamMessageProducer.handleMessage(StreamMessageProducer.java:194)
	at org.eclipse.lsp4j.jsonrpc.json.StreamMessageProducer.listen(StreamMessageProducer.java:94)
	at org.eclipse.lsp4j.jsonrpc.json.ConcurrentMessageProcessor.run(ConcurrentMessageProcessor.java:113)
	at java.base/java.util.concurrent.Executors$RunnableAdapter.call(Executors.java:515)
	at java.base/java.util.concurrent.FutureTask.run(FutureTask.java:264)
	at java.base/java.util.concurrent.ThreadPoolExecutor.runWorker(ThreadPoolExecutor.java:1128)
	at java.base/java.util.concurrent.ThreadPoolExecutor$Worker.run(ThreadPoolExecutor.java:628)
	at java.base/java.lang.Thread.run(Thread.java:829)
Contains: Cannot extract bundle symbolicName or version /home/jkunle/code_profiles/java/extensions/vscjava.vscode-maven-0.21.2/jdtls.ext/com.microsoft.java.maven.plugin/target/com.microsoft.java.maven.plugin-0.21.2.jar
java.nio.file.NoSuchFileException: /home/jkunle/code_profiles/java/extensions/vscjava.vscode-maven-0.21.2/jdtls.ext/com.microsoft.java.maven.plugin/target/com.microsoft.java.maven.plugin-0.21.2.jar
	at java.base/sun.nio.fs.UnixException.translateToIOException(UnixException.java:92)
	at java.base/sun.nio.fs.UnixException.rethrowAsIOException(UnixException.java:111)
	at java.base/sun.nio.fs.UnixException.rethrowAsIOException(UnixException.java:116)
	at java.base/sun.nio.fs.UnixFileAttributeViews$Basic.readAttributes(UnixFileAttributeViews.java:55)
	at java.base/sun.nio.fs.UnixFileSystemProvider.readAttributes(UnixFileSystemProvider.java:149)
	at java.base/sun.nio.fs.LinuxFileSystemProvider.readAttributes(LinuxFileSystemProvider.java:99)
	at java.base/java.nio.file.Files.readAttributes(Files.java:1764)
	at java.base/java.util.zip.ZipFile$Source.get(ZipFile.java:1259)
	at java.base/java.util.zip.ZipFile$CleanableResource.<init>(ZipFile.java:733)
	at java.base/java.util.zip.ZipFile$CleanableResource.get(ZipFile.java:850)
	at java.base/java.util.zip.ZipFile.<init>(ZipFile.java:248)
	at java.base/java.util.zip.ZipFile.<init>(ZipFile.java:177)
	at java.base/java.util.jar.JarFile.<init>(JarFile.java:348)
	at java.base/java.util.jar.JarFile.<init>(JarFile.java:319)
	at java.base/java.util.jar.JarFile.<init>(JarFile.java:258)
	at org.eclipse.jdt.ls.core.internal.handlers.BundleUtils.getBundleInfo(BundleUtils.java:302)
	at org.eclipse.jdt.ls.core.internal.handlers.BundleUtils.loadBundles(BundleUtils.java:116)
	at org.eclipse.jdt.ls.core.internal.handlers.InitHandler.handleInitializationOptions(InitHandler.java:89)
	at org.eclipse.jdt.ls.core.internal.handlers.BaseInitHandler.initialize(BaseInitHandler.java:63)
	at org.eclipse.jdt.ls.core.internal.handlers.JDTLanguageServer.initialize(JDTLanguageServer.java:237)
	at java.base/jdk.internal.reflect.NativeMethodAccessorImpl.invoke0(Native Method)
	at java.base/jdk.internal.reflect.NativeMethodAccessorImpl.invoke(NativeMethodAccessorImpl.java:62)
	at java.base/jdk.internal.reflect.DelegatingMethodAccessorImpl.invoke(DelegatingMethodAccessorImpl.java:43)
	at java.base/java.lang.reflect.Method.invoke(Method.java:566)
	at org.eclipse.lsp4j.jsonrpc.services.GenericEndpoint.lambda$null$0(GenericEndpoint.java:65)
	at org.eclipse.lsp4j.jsonrpc.services.GenericEndpoint.request(GenericEndpoint.java:120)
	at org.eclipse.lsp4j.jsonrpc.RemoteEndpoint.handleRequest(RemoteEndpoint.java:261)
	at org.eclipse.lsp4j.jsonrpc.RemoteEndpoint.consume(RemoteEndpoint.java:190)
	at org.eclipse.jdt.ls.core.internal.ParentProcessWatcher.lambda$0(ParentProcessWatcher.java:123)
	at org.eclipse.lsp4j.jsonrpc.json.StreamMessageProducer.handleMessage(StreamMessageProducer.java:194)
	at org.eclipse.lsp4j.jsonrpc.json.StreamMessageProducer.listen(StreamMessageProducer.java:94)
	at org.eclipse.lsp4j.jsonrpc.json.ConcurrentMessageProcessor.run(ConcurrentMessageProcessor.java:113)
	at java.base/java.util.concurrent.Executors$RunnableAdapter.call(Executors.java:515)
	at java.base/java.util.concurrent.FutureTask.run(FutureTask.java:264)
	at java.base/java.util.concurrent.ThreadPoolExecutor.runWorker(ThreadPoolExecutor.java:1128)
	at java.base/java.util.concurrent.ThreadPoolExecutor$Worker.run(ThreadPoolExecutor.java:628)
	at java.base/java.lang.Thread.run(Thread.java:829)

[Error - 10:35:03 PM] Request codeAction/resolve failed.
  Message: Internal error.
  Code: -32603 
java.util.concurrent.CompletionException: java.lang.IllegalStateException: Invalid codeAction proposal
	at java.base/java.util.concurrent.CompletableFuture.encodeThrowable(CompletableFuture.java:314)
	at java.base/java.util.concurrent.CompletableFuture.completeThrowable(CompletableFuture.java:319)
	at java.base/java.util.concurrent.CompletableFuture$UniApply.tryFire(CompletableFuture.java:645)
	at java.base/java.util.concurrent.CompletableFuture$Completion.run(CompletableFuture.java:478)
	at java.base/java.lang.Thread.run(Thread.java:829)
Caused by: java.lang.IllegalStateException: Invalid codeAction proposal
	at org.eclipse.jdt.ls.core.internal.handlers.CodeActionResolveHandler.resolve(CodeActionResolveHandler.java:41)
	at org.eclipse.jdt.ls.core.internal.handlers.JDTLanguageServer.lambda$16(JDTLanguageServer.java:666)
	at org.eclipse.jdt.ls.core.internal.BaseJDTLanguageServer.lambda$0(BaseJDTLanguageServer.java:75)
	at java.base/java.util.concurrent.CompletableFuture$UniApply.tryFire(CompletableFuture.java:642)
	... 2 more

[Error - 10:36:05 PM] Nov 8, 2021, 10:36:05 PM Timed out while retrieving the attached javadoc for StringIndexOutOfBoundsException [in StringIndexOutOfBoundsException.class [in java.lang [in <module:java.base>]]] 
Timed out while retrieving the attached javadoc for StringIndexOutOfBoundsException [in StringIndexOutOfBoundsException.class [in java.lang [in <module:java.base>]]] 
Java Model Exception: Error in Java Model (code 1012): Timed out while retrieving the attached javadoc for StringIndexOutOfBoundsException [in StringIndexOutOfBoundsException.class [in java.lang [in <module:java.base>]]] 
	at org.eclipse.jdt.internal.core.JavaElement.getURLContents(JavaElement.java:932)
	at org.eclipse.jdt.internal.core.BinaryType.getJavadocContents(BinaryType.java:1090)
	at org.eclipse.jdt.internal.core.BinaryType.getAttachedJavadoc(BinaryType.java:1047)
	at org.eclipse.jdt.ls.core.internal.javadoc.JavadocContentAccess2.getHTMLContent(JavadocContentAccess2.java:595)
	at org.eclipse.jdt.ls.core.internal.javadoc.JavadocContentAccess2.getMarkdownContentReader(JavadocContentAccess2.java:2511)
	at org.eclipse.jdt.ls.core.internal.handlers.CompletionResolveHandler.lambda$0(CompletionResolveHandler.java:199)
	at java.base/java.util.concurrent.FutureTask.run(FutureTask.java:264)
	at java.base/java.util.concurrent.ThreadPoolExecutor.runWorker(ThreadPoolExecutor.java:1128)
	at java.base/java.util.concurrent.ThreadPoolExecutor$Worker.run(ThreadPoolExecutor.java:628)
	at java.base/java.lang.Thread.run(Thread.java:829)

[Error - 10:36:54 PM] Request codeAction/resolve failed.
  Message: Internal error.
  Code: -32603 
java.util.concurrent.CompletionException: java.lang.IllegalStateException: Invalid codeAction proposal
	at java.base/java.util.concurrent.CompletableFuture.encodeThrowable(CompletableFuture.java:314)
	at java.base/java.util.concurrent.CompletableFuture.completeThrowable(CompletableFuture.java:319)
	at java.base/java.util.concurrent.CompletableFuture$UniApply.tryFire(CompletableFuture.java:645)
	at java.base/java.util.concurrent.CompletableFuture$Completion.run(CompletableFuture.java:478)
	at java.base/java.lang.Thread.run(Thread.java:829)
Caused by: java.lang.IllegalStateException: Invalid codeAction proposal
	at org.eclipse.jdt.ls.core.internal.handlers.CodeActionResolveHandler.resolve(CodeActionResolveHandler.java:41)
	at org.eclipse.jdt.ls.core.internal.handlers.JDTLanguageServer.lambda$16(JDTLanguageServer.java:666)
	at org.eclipse.jdt.ls.core.internal.BaseJDTLanguageServer.lambda$0(BaseJDTLanguageServer.java:75)
	at java.base/java.util.concurrent.CompletableFuture$UniApply.tryFire(CompletableFuture.java:642)
	... 2 more

[Error - 10:38:14 PM] Nov 8, 2021, 10:38:14 PM Problems occurred when invoking code from plug-in: "org.eclipse.jdt.ls.core".
null
java.lang.NullPointerException
	at org.eclipse.jdt.internal.compiler.lookup.BinaryTypeBinding.getField(BinaryTypeBinding.java:1426)
	at org.eclipse.jdt.internal.compiler.lookup.BinaryTypeBinding.convertMemberValue(BinaryTypeBinding.java:151)
	at org.eclipse.jdt.internal.compiler.lookup.BinaryTypeBinding.convertMemberValue(BinaryTypeBinding.java:159)
	at org.eclipse.jdt.internal.compiler.lookup.BinaryTypeBinding.createAnnotation(BinaryTypeBinding.java:199)
	at org.eclipse.jdt.internal.compiler.lookup.BinaryTypeBinding.createAnnotations(BinaryTypeBinding.java:212)
	at org.eclipse.jdt.internal.compiler.lookup.BinaryTypeBinding.cachePartsFrom(BinaryTypeBinding.java:673)
	at org.eclipse.jdt.internal.compiler.lookup.LookupEnvironment.createBinaryTypeFrom(LookupEnvironment.java:1055)
	at org.eclipse.jdt.internal.compiler.lookup.LookupEnvironment.createBinaryTypeFrom(LookupEnvironment.java:1036)
	at org.eclipse.jdt.internal.compiler.Compiler.accept(Compiler.java:308)
	at org.eclipse.jdt.internal.compiler.lookup.LookupEnvironment.askForType(LookupEnvironment.java:257)
	at org.eclipse.jdt.internal.compiler.lookup.UnresolvedReferenceBinding.resolve(UnresolvedReferenceBinding.java:114)
	at org.eclipse.jdt.internal.compiler.lookup.BinaryTypeBinding.resolveType(BinaryTypeBinding.java:248)
	at org.eclipse.jdt.internal.compiler.lookup.UnresolvedAnnotationBinding.resolve(UnresolvedAnnotationBinding.java:31)
	at org.eclipse.jdt.internal.compiler.lookup.UnresolvedAnnotationBinding.getAnnotationType(UnresolvedAnnotationBinding.java:41)
	at org.eclipse.jdt.internal.compiler.lookup.AnnotationBinding.addStandardAnnotations(AnnotationBinding.java:47)
	at org.eclipse.jdt.internal.compiler.lookup.BinaryTypeBinding.retrieveAnnotations(BinaryTypeBinding.java:1855)
	at org.eclipse.jdt.internal.compiler.lookup.ReferenceBinding.getAnnotations(ReferenceBinding.java:1067)
	at org.eclipse.jdt.core.dom.TypeBinding.getAnnotations(TypeBinding.java:122)
	at com.microsoft.java.test.plugin.searcher.JUnit5TestSearcher.matchesNameInAnnotationHierarchy(JUnit5TestSearcher.java:110)
	at com.microsoft.java.test.plugin.searcher.JUnit5TestSearcher.findAnnotation(JUnit5TestSearcher.java:85)
	at com.microsoft.java.test.plugin.searcher.JUnit5TestSearcher.isTestMethod(JUnit5TestSearcher.java:69)
	at com.microsoft.java.test.plugin.util.TestSearchUtils.findTestItemsInTypeBinding(TestSearchUtils.java:370)
	at com.microsoft.java.test.plugin.util.TestSearchUtils.findTestTypesAndMethods(TestSearchUtils.java:348)
	at com.microsoft.java.test.plugin.handler.TestDelegateCommandHandler.executeCommand(TestDelegateCommandHandler.java:58)
	at org.eclipse.jdt.ls.core.internal.handlers.WorkspaceExecuteCommandHandler$1.run(WorkspaceExecuteCommandHandler.java:215)
	at org.eclipse.core.runtime.SafeRunner.run(SafeRunner.java:45)
	at org.eclipse.jdt.ls.core.internal.handlers.WorkspaceExecuteCommandHandler.executeCommand(WorkspaceExecuteCommandHandler.java:205)
	at org.eclipse.jdt.ls.core.internal.handlers.JDTLanguageServer.lambda$4(JDTLanguageServer.java:507)
	at org.eclipse.jdt.ls.core.internal.BaseJDTLanguageServer.lambda$0(BaseJDTLanguageServer.java:75)
	at java.base/java.util.concurrent.CompletableFuture$UniApply.tryFire(CompletableFuture.java:642)
	at java.base/java.util.concurrent.CompletableFuture$Completion.run(CompletableFuture.java:478)
	at java.base/java.lang.Thread.run(Thread.java:829)

[Error - 10:38:14 PM] Nov 8, 2021, 10:38:14 PM Error in calling delegate command handler
null
java.lang.NullPointerException
	at org.eclipse.jdt.internal.compiler.lookup.BinaryTypeBinding.getField(BinaryTypeBinding.java:1426)
	at org.eclipse.jdt.internal.compiler.lookup.BinaryTypeBinding.convertMemberValue(BinaryTypeBinding.java:151)
	at org.eclipse.jdt.internal.compiler.lookup.BinaryTypeBinding.convertMemberValue(BinaryTypeBinding.java:159)
	at org.eclipse.jdt.internal.compiler.lookup.BinaryTypeBinding.createAnnotation(BinaryTypeBinding.java:199)
	at org.eclipse.jdt.internal.compiler.lookup.BinaryTypeBinding.createAnnotations(BinaryTypeBinding.java:212)
	at org.eclipse.jdt.internal.compiler.lookup.BinaryTypeBinding.cachePartsFrom(BinaryTypeBinding.java:673)
	at org.eclipse.jdt.internal.compiler.lookup.LookupEnvironment.createBinaryTypeFrom(LookupEnvironment.java:1055)
	at org.eclipse.jdt.internal.compiler.lookup.LookupEnvironment.createBinaryTypeFrom(LookupEnvironment.java:1036)
	at org.eclipse.jdt.internal.compiler.Compiler.accept(Compiler.java:308)
	at org.eclipse.jdt.internal.compiler.lookup.LookupEnvironment.askForType(LookupEnvironment.java:257)
	at org.eclipse.jdt.internal.compiler.lookup.UnresolvedReferenceBinding.resolve(UnresolvedReferenceBinding.java:114)
	at org.eclipse.jdt.internal.compiler.lookup.BinaryTypeBinding.resolveType(BinaryTypeBinding.java:248)
	at org.eclipse.jdt.internal.compiler.lookup.UnresolvedAnnotationBinding.resolve(UnresolvedAnnotationBinding.java:31)
	at org.eclipse.jdt.internal.compiler.lookup.UnresolvedAnnotationBinding.getAnnotationType(UnresolvedAnnotationBinding.java:41)
	at org.eclipse.jdt.internal.compiler.lookup.AnnotationBinding.addStandardAnnotations(AnnotationBinding.java:47)
	at org.eclipse.jdt.internal.compiler.lookup.BinaryTypeBinding.retrieveAnnotations(BinaryTypeBinding.java:1855)
	at org.eclipse.jdt.internal.compiler.lookup.ReferenceBinding.getAnnotations(ReferenceBinding.java:1067)
	at org.eclipse.jdt.core.dom.TypeBinding.getAnnotations(TypeBinding.java:122)
	at com.microsoft.java.test.plugin.searcher.JUnit5TestSearcher.matchesNameInAnnotationHierarchy(JUnit5TestSearcher.java:110)
	at com.microsoft.java.test.plugin.searcher.JUnit5TestSearcher.findAnnotation(JUnit5TestSearcher.java:85)
	at com.microsoft.java.test.plugin.searcher.JUnit5TestSearcher.isTestMethod(JUnit5TestSearcher.java:69)
	at com.microsoft.java.test.plugin.util.TestSearchUtils.findTestItemsInTypeBinding(TestSearchUtils.java:370)
	at com.microsoft.java.test.plugin.util.TestSearchUtils.findTestTypesAndMethods(TestSearchUtils.java:348)
	at com.microsoft.java.test.plugin.handler.TestDelegateCommandHandler.executeCommand(TestDelegateCommandHandler.java:58)
	at org.eclipse.jdt.ls.core.internal.handlers.WorkspaceExecuteCommandHandler$1.run(WorkspaceExecuteCommandHandler.java:215)
	at org.eclipse.core.runtime.SafeRunner.run(SafeRunner.java:45)
	at org.eclipse.jdt.ls.core.internal.handlers.WorkspaceExecuteCommandHandler.executeCommand(WorkspaceExecuteCommandHandler.java:205)
	at org.eclipse.jdt.ls.core.internal.handlers.JDTLanguageServer.lambda$4(JDTLanguageServer.java:507)
	at org.eclipse.jdt.ls.core.internal.BaseJDTLanguageServer.lambda$0(BaseJDTLanguageServer.java:75)
	at java.base/java.util.concurrent.CompletableFuture$UniApply.tryFire(CompletableFuture.java:642)
	at java.base/java.util.concurrent.CompletableFuture$Completion.run(CompletableFuture.java:478)
	at java.base/java.lang.Thread.run(Thread.java:829)

[Error - 10:40:53 PM] Nov 8, 2021, 10:40:53 PM Problems occurred when invoking code from plug-in: "org.eclipse.jdt.ls.core".
null
java.lang.NullPointerException
	at org.eclipse.jdt.internal.compiler.lookup.BinaryTypeBinding.getField(BinaryTypeBinding.java:1426)
	at org.eclipse.jdt.internal.compiler.lookup.AnnotationBinding.buildRetentionAnnotation(AnnotationBinding.java:128)
	at org.eclipse.jdt.internal.compiler.lookup.AnnotationBinding.addStandardAnnotations(AnnotationBinding.java:89)
	at org.eclipse.jdt.internal.compiler.lookup.BinaryTypeBinding.retrieveAnnotations(BinaryTypeBinding.java:1855)
	at org.eclipse.jdt.internal.compiler.lookup.ReferenceBinding.getAnnotations(ReferenceBinding.java:1067)
	at org.eclipse.jdt.core.dom.TypeBinding.getAnnotations(TypeBinding.java:122)
	at com.microsoft.java.test.plugin.searcher.JUnit5TestSearcher.matchesNameInAnnotationHierarchy(JUnit5TestSearcher.java:110)
	at com.microsoft.java.test.plugin.searcher.JUnit5TestSearcher.findAnnotation(JUnit5TestSearcher.java:85)
	at com.microsoft.java.test.plugin.searcher.JUnit5TestSearcher.isTestMethod(JUnit5TestSearcher.java:69)
	at com.microsoft.java.test.plugin.util.TestSearchUtils.findTestItemsInTypeBinding(TestSearchUtils.java:370)
	at com.microsoft.java.test.plugin.util.TestSearchUtils.findTestTypesAndMethods(TestSearchUtils.java:348)
	at com.microsoft.java.test.plugin.handler.TestDelegateCommandHandler.executeCommand(TestDelegateCommandHandler.java:58)
	at org.eclipse.jdt.ls.core.internal.handlers.WorkspaceExecuteCommandHandler$1.run(WorkspaceExecuteCommandHandler.java:215)
	at org.eclipse.core.runtime.SafeRunner.run(SafeRunner.java:45)
	at org.eclipse.jdt.ls.core.internal.handlers.WorkspaceExecuteCommandHandler.executeCommand(WorkspaceExecuteCommandHandler.java:205)
	at org.eclipse.jdt.ls.core.internal.handlers.JDTLanguageServer.lambda$4(JDTLanguageServer.java:507)
	at org.eclipse.jdt.ls.core.internal.BaseJDTLanguageServer.lambda$0(BaseJDTLanguageServer.java:75)
	at java.base/java.util.concurrent.CompletableFuture$UniApply.tryFire(CompletableFuture.java:642)
	at java.base/java.util.concurrent.CompletableFuture$Completion.run(CompletableFuture.java:478)
	at java.base/java.lang.Thread.run(Thread.java:829)

[Error - 10:40:53 PM] Nov 8, 2021, 10:40:53 PM Error in calling delegate command handler
null
java.lang.NullPointerException
	at org.eclipse.jdt.internal.compiler.lookup.BinaryTypeBinding.getField(BinaryTypeBinding.java:1426)
	at org.eclipse.jdt.internal.compiler.lookup.AnnotationBinding.buildRetentionAnnotation(AnnotationBinding.java:128)
	at org.eclipse.jdt.internal.compiler.lookup.AnnotationBinding.addStandardAnnotations(AnnotationBinding.java:89)
	at org.eclipse.jdt.internal.compiler.lookup.BinaryTypeBinding.retrieveAnnotations(BinaryTypeBinding.java:1855)
	at org.eclipse.jdt.internal.compiler.lookup.ReferenceBinding.getAnnotations(ReferenceBinding.java:1067)
	at org.eclipse.jdt.core.dom.TypeBinding.getAnnotations(TypeBinding.java:122)
	at com.microsoft.java.test.plugin.searcher.JUnit5TestSearcher.matchesNameInAnnotationHierarchy(JUnit5TestSearcher.java:110)
	at com.microsoft.java.test.plugin.searcher.JUnit5TestSearcher.findAnnotation(JUnit5TestSearcher.java:85)
	at com.microsoft.java.test.plugin.searcher.JUnit5TestSearcher.isTestMethod(JUnit5TestSearcher.java:69)
	at com.microsoft.java.test.plugin.util.TestSearchUtils.findTestItemsInTypeBinding(TestSearchUtils.java:370)
	at com.microsoft.java.test.plugin.util.TestSearchUtils.findTestTypesAndMethods(TestSearchUtils.java:348)
	at com.microsoft.java.test.plugin.handler.TestDelegateCommandHandler.executeCommand(TestDelegateCommandHandler.java:58)
	at org.eclipse.jdt.ls.core.internal.handlers.WorkspaceExecuteCommandHandler$1.run(WorkspaceExecuteCommandHandler.java:215)
	at org.eclipse.core.runtime.SafeRunner.run(SafeRunner.java:45)
	at org.eclipse.jdt.ls.core.internal.handlers.WorkspaceExecuteCommandHandler.executeCommand(WorkspaceExecuteCommandHandler.java:205)
	at org.eclipse.jdt.ls.core.internal.handlers.JDTLanguageServer.lambda$4(JDTLanguageServer.java:507)
	at org.eclipse.jdt.ls.core.internal.BaseJDTLanguageServer.lambda$0(BaseJDTLanguageServer.java:75)
	at java.base/java.util.concurrent.CompletableFuture$UniApply.tryFire(CompletableFuture.java:642)
	at java.base/java.util.concurrent.CompletableFuture$Completion.run(CompletableFuture.java:478)
	at java.base/java.lang.Thread.run(Thread.java:829)

[Error - 10:41:37 PM] Nov 8, 2021, 10:41:37 PM BadLocationException
null
org.eclipse.jface.text.BadLocationException
	at org.eclipse.jface.text.TreeLineTracker.fail(TreeLineTracker.java:1054)
	at org.eclipse.jface.text.TreeLineTracker.lineByOffset(TreeLineTracker.java:268)
	at org.eclipse.jface.text.TreeLineTracker.getLineNumberOfOffset(TreeLineTracker.java:1122)
	at org.eclipse.jface.text.AbstractLineTracker.getLineNumberOfOffset(AbstractLineTracker.java:155)
	at org.eclipse.jface.text.AbstractDocument.getLineOfOffset(AbstractDocument.java:872)
	at org.eclipse.core.internal.filebuffers.SynchronizableDocument.getLineOfOffset(SynchronizableDocument.java:334)
	at org.eclipse.jdt.ls.core.internal.handlers.JsonRpcHelpers.toLine(JsonRpcHelpers.java:156)
	at org.eclipse.jdt.ls.core.internal.handlers.JsonRpcHelpers.toLine(JsonRpcHelpers.java:101)
	at org.eclipse.jdt.ls.core.internal.JDTUtils.toRange(JDTUtils.java:857)
	at com.microsoft.java.test.plugin.util.TestItemUtils.parseTestItemRange(TestItemUtils.java:74)
	at com.microsoft.java.test.plugin.util.TestItemUtils.constructJavaTestItem(TestItemUtils.java:58)
	at com.microsoft.java.test.plugin.util.TestSearchUtils.findTestItemsInTypeBinding(TestSearchUtils.java:371)
	at com.microsoft.java.test.plugin.util.TestSearchUtils.findTestTypesAndMethods(TestSearchUtils.java:348)
	at com.microsoft.java.test.plugin.handler.TestDelegateCommandHandler.executeCommand(TestDelegateCommandHandler.java:58)
	at org.eclipse.jdt.ls.core.internal.handlers.WorkspaceExecuteCommandHandler$1.run(WorkspaceExecuteCommandHandler.java:215)
	at org.eclipse.core.runtime.SafeRunner.run(SafeRunner.java:45)
	at org.eclipse.jdt.ls.core.internal.handlers.WorkspaceExecuteCommandHandler.executeCommand(WorkspaceExecuteCommandHandler.java:205)
	at org.eclipse.jdt.ls.core.internal.handlers.JDTLanguageServer.lambda$4(JDTLanguageServer.java:507)
	at org.eclipse.jdt.ls.core.internal.BaseJDTLanguageServer.lambda$0(BaseJDTLanguageServer.java:75)
	at java.base/java.util.concurrent.CompletableFuture$UniApply.tryFire(CompletableFuture.java:642)
	at java.base/java.util.concurrent.CompletableFuture$Completion.run(CompletableFuture.java:478)
	at java.base/java.lang.Thread.run(Thread.java:829)

[Error - 10:41:37 PM] Nov 8, 2021, 10:41:37 PM BadLocationException
null
org.eclipse.jface.text.BadLocationException
	at org.eclipse.jface.text.TreeLineTracker.fail(TreeLineTracker.java:1054)
	at org.eclipse.jface.text.TreeLineTracker.lineByOffset(TreeLineTracker.java:268)
	at org.eclipse.jface.text.TreeLineTracker.getLineNumberOfOffset(TreeLineTracker.java:1122)
	at org.eclipse.jface.text.AbstractLineTracker.getLineNumberOfOffset(AbstractLineTracker.java:155)
	at org.eclipse.jface.text.AbstractDocument.getLineOfOffset(AbstractDocument.java:872)
	at org.eclipse.core.internal.filebuffers.SynchronizableDocument.getLineOfOffset(SynchronizableDocument.java:334)
	at org.eclipse.jdt.ls.core.internal.handlers.JsonRpcHelpers.toLine(JsonRpcHelpers.java:156)
	at org.eclipse.jdt.ls.core.internal.handlers.JsonRpcHelpers.toLine(JsonRpcHelpers.java:101)
	at org.eclipse.jdt.ls.core.internal.JDTUtils.toRange(JDTUtils.java:857)
	at com.microsoft.java.test.plugin.util.TestItemUtils.parseTestItemRange(TestItemUtils.java:74)
	at com.microsoft.java.test.plugin.util.TestItemUtils.constructJavaTestItem(TestItemUtils.java:58)
	at com.microsoft.java.test.plugin.util.TestSearchUtils.findTestItemsInTypeBinding(TestSearchUtils.java:384)
	at com.microsoft.java.test.plugin.util.TestSearchUtils.findTestTypesAndMethods(TestSearchUtils.java:348)
	at com.microsoft.java.test.plugin.handler.TestDelegateCommandHandler.executeCommand(TestDelegateCommandHandler.java:58)
	at org.eclipse.jdt.ls.core.internal.handlers.WorkspaceExecuteCommandHandler$1.run(WorkspaceExecuteCommandHandler.java:215)
	at org.eclipse.core.runtime.SafeRunner.run(SafeRunner.java:45)
	at org.eclipse.jdt.ls.core.internal.handlers.WorkspaceExecuteCommandHandler.executeCommand(WorkspaceExecuteCommandHandler.java:205)
	at org.eclipse.jdt.ls.core.internal.handlers.JDTLanguageServer.lambda$4(JDTLanguageServer.java:507)
	at org.eclipse.jdt.ls.core.internal.BaseJDTLanguageServer.lambda$0(BaseJDTLanguageServer.java:75)
	at java.base/java.util.concurrent.CompletableFuture$UniApply.tryFire(CompletableFuture.java:642)
	at java.base/java.util.concurrent.CompletableFuture$Completion.run(CompletableFuture.java:478)
	at java.base/java.lang.Thread.run(Thread.java:829)

[Error - 10:41:39 PM] Nov 8, 2021, 10:41:39 PM BadLocationException
null
org.eclipse.jface.text.BadLocationException
	at org.eclipse.jface.text.TreeLineTracker.fail(TreeLineTracker.java:1054)
	at org.eclipse.jface.text.TreeLineTracker.lineByOffset(TreeLineTracker.java:268)
	at org.eclipse.jface.text.TreeLineTracker.getLineNumberOfOffset(TreeLineTracker.java:1122)
	at org.eclipse.jface.text.AbstractLineTracker.getLineNumberOfOffset(AbstractLineTracker.java:155)
	at org.eclipse.jface.text.AbstractDocument.getLineOfOffset(AbstractDocument.java:872)
	at org.eclipse.core.internal.filebuffers.SynchronizableDocument.getLineOfOffset(SynchronizableDocument.java:334)
	at org.eclipse.jdt.ls.core.internal.handlers.JsonRpcHelpers.toLine(JsonRpcHelpers.java:156)
	at org.eclipse.jdt.ls.core.internal.handlers.JsonRpcHelpers.toLine(JsonRpcHelpers.java:101)
	at org.eclipse.jdt.ls.core.internal.JDTUtils.toRange(JDTUtils.java:857)
	at org.eclipse.jdt.ls.core.internal.JDTUtils.toLocation(JDTUtils.java:756)
	at org.eclipse.jdt.ls.core.internal.JDTUtils.toLocation(JDTUtils.java:702)
	at org.eclipse.jdt.ls.core.internal.handlers.DocumentSymbolHandler.getRange(DocumentSymbolHandler.java:205)
	at org.eclipse.jdt.ls.core.internal.handlers.DocumentSymbolHandler.toDocumentSymbol(DocumentSymbolHandler.java:172)
	at org.eclipse.jdt.ls.core.internal.handlers.DocumentSymbolHandler.lambda$2(DocumentSymbolHandler.java:147)
	at java.base/java.util.stream.ReferencePipeline$3$1.accept(ReferencePipeline.java:195)
	at java.base/java.util.Spliterators$ArraySpliterator.forEachRemaining(Spliterators.java:948)
	at java.base/java.util.stream.AbstractPipeline.copyInto(AbstractPipeline.java:484)
	at java.base/java.util.stream.AbstractPipeline.wrapAndCopyInto(AbstractPipeline.java:474)
	at java.base/java.util.stream.ReduceOps$ReduceOp.evaluateSequential(ReduceOps.java:913)
	at java.base/java.util.stream.AbstractPipeline.evaluate(AbstractPipeline.java:234)
	at java.base/java.util.stream.ReferencePipeline.collect(ReferencePipeline.java:578)
	at org.eclipse.jdt.ls.core.internal.handlers.DocumentSymbolHandler.getHierarchicalOutline(DocumentSymbolHandler.java:147)
	at org.eclipse.jdt.ls.core.internal.handlers.DocumentSymbolHandler.documentSymbol(DocumentSymbolHandler.java:80)
	at org.eclipse.jdt.ls.core.internal.handlers.JDTLanguageServer.lambda$14(JDTLanguageServer.java:636)
	at org.eclipse.jdt.ls.core.internal.BaseJDTLanguageServer.lambda$0(BaseJDTLanguageServer.java:75)
	at java.base/java.util.concurrent.CompletableFuture$UniApply.tryFire(CompletableFuture.java:642)
	at java.base/java.util.concurrent.CompletableFuture$Completion.run(CompletableFuture.java:478)
	at java.base/java.lang.Thread.run(Thread.java:829)

[Error - 10:41:39 PM] Nov 8, 2021, 10:41:39 PM BadLocationException
null
org.eclipse.jface.text.BadLocationException
	at org.eclipse.jface.text.TreeLineTracker.fail(TreeLineTracker.java:1054)
	at org.eclipse.jface.text.TreeLineTracker.lineByOffset(TreeLineTracker.java:268)
	at org.eclipse.jface.text.TreeLineTracker.getLineNumberOfOffset(TreeLineTracker.java:1122)
	at org.eclipse.jface.text.AbstractLineTracker.getLineNumberOfOffset(AbstractLineTracker.java:155)
	at org.eclipse.jface.text.AbstractDocument.getLineOfOffset(AbstractDocument.java:872)
	at org.eclipse.core.internal.filebuffers.SynchronizableDocument.getLineOfOffset(SynchronizableDocument.java:334)
	at org.eclipse.jdt.ls.core.internal.handlers.JsonRpcHelpers.toLine(JsonRpcHelpers.java:156)
	at org.eclipse.jdt.ls.core.internal.handlers.JsonRpcHelpers.toLine(JsonRpcHelpers.java:101)
	at org.eclipse.jdt.ls.core.internal.JDTUtils.toRange(JDTUtils.java:857)
	at org.eclipse.jdt.ls.core.internal.JDTUtils.toLocation(JDTUtils.java:756)
	at org.eclipse.jdt.ls.core.internal.JDTUtils.toLocation(JDTUtils.java:702)
	at org.eclipse.jdt.ls.core.internal.handlers.DocumentSymbolHandler.getRange(DocumentSymbolHandler.java:205)
	at org.eclipse.jdt.ls.core.internal.handlers.DocumentSymbolHandler.toDocumentSymbol(DocumentSymbolHandler.java:172)
	at org.eclipse.jdt.ls.core.internal.handlers.DocumentSymbolHandler.lambda$4(DocumentSymbolHandler.java:188)
	at java.base/java.util.stream.ReferencePipeline$3$1.accept(ReferencePipeline.java:195)
	at java.base/java.util.Spliterators$ArraySpliterator.forEachRemaining(Spliterators.java:948)
	at java.base/java.util.stream.AbstractPipeline.copyInto(AbstractPipeline.java:484)
	at java.base/java.util.stream.AbstractPipeline.wrapAndCopyInto(AbstractPipeline.java:474)
	at java.base/java.util.stream.ReduceOps$ReduceOp.evaluateSequential(ReduceOps.java:913)
	at java.base/java.util.stream.AbstractPipeline.evaluate(AbstractPipeline.java:234)
	at java.base/java.util.stream.ReferencePipeline.collect(ReferencePipeline.java:578)
	at org.eclipse.jdt.ls.core.internal.handlers.DocumentSymbolHandler.toDocumentSymbol(DocumentSymbolHandler.java:190)
	at org.eclipse.jdt.ls.core.internal.handlers.DocumentSymbolHandler.lambda$2(DocumentSymbolHandler.java:147)
	at java.base/java.util.stream.ReferencePipeline$3$1.accept(ReferencePipeline.java:195)
	at java.base/java.util.Spliterators$ArraySpliterator.forEachRemaining(Spliterators.java:948)
	at java.base/java.util.stream.AbstractPipeline.copyInto(AbstractPipeline.java:484)
	at java.base/java.util.stream.AbstractPipeline.wrapAndCopyInto(AbstractPipeline.java:474)
	at java.base/java.util.stream.ReduceOps$ReduceOp.evaluateSequential(ReduceOps.java:913)
	at java.base/java.util.stream.AbstractPipeline.evaluate(AbstractPipeline.java:234)
	at java.base/java.util.stream.ReferencePipeline.collect(ReferencePipeline.java:578)
	at org.eclipse.jdt.ls.core.internal.handlers.DocumentSymbolHandler.getHierarchicalOutline(DocumentSymbolHandler.java:147)
	at org.eclipse.jdt.ls.core.internal.handlers.DocumentSymbolHandler.documentSymbol(DocumentSymbolHandler.java:80)
	at org.eclipse.jdt.ls.core.internal.handlers.JDTLanguageServer.lambda$14(JDTLanguageServer.java:636)
	at org.eclipse.jdt.ls.core.internal.BaseJDTLanguageServer.lambda$0(BaseJDTLanguageServer.java:75)
	at java.base/java.util.concurrent.CompletableFuture$UniApply.tryFire(CompletableFuture.java:642)
	at java.base/java.util.concurrent.CompletableFuture$Completion.run(CompletableFuture.java:478)
	at java.base/java.lang.Thread.run(Thread.java:829)

[Error - 10:41:50 PM] Request textDocument/codeAction failed.
  Message: Internal error.
  Code: -32603 
java.util.concurrent.CompletionException: java.lang.IllegalArgumentException: Document does not match the AST
	at java.base/java.util.concurrent.CompletableFuture.encodeThrowable(CompletableFuture.java:314)
	at java.base/java.util.concurrent.CompletableFuture.completeThrowable(CompletableFuture.java:319)
	at java.base/java.util.concurrent.CompletableFuture$UniApply.tryFire(CompletableFuture.java:645)
	at java.base/java.util.concurrent.CompletableFuture$Completion.run(CompletableFuture.java:478)
	at java.base/java.lang.Thread.run(Thread.java:829)
Caused by: java.lang.IllegalArgumentException: Document does not match the AST
	at org.eclipse.jdt.internal.core.dom.rewrite.ASTRewriteAnalyzer.handleException(ASTRewriteAnalyzer.java:4642)
	at org.eclipse.jdt.internal.core.dom.rewrite.ASTRewriteAnalyzer.visit(ASTRewriteAnalyzer.java:2330)
	at org.eclipse.jdt.core.dom.ReturnStatement.accept0(ReturnStatement.java:126)
	at org.eclipse.jdt.core.dom.ASTNode.accept(ASTNode.java:3129)
	at org.eclipse.jdt.internal.core.dom.rewrite.ASTRewriteAnalyzer.doVisit(ASTRewriteAnalyzer.java:429)
	at org.eclipse.jdt.internal.core.dom.rewrite.ASTRewriteAnalyzer.voidVisitList(ASTRewriteAnalyzer.java:467)
	at org.eclipse.jdt.internal.core.dom.rewrite.ASTRewriteAnalyzer.voidVisit(ASTRewriteAnalyzer.java:461)
	at org.eclipse.jdt.internal.core.dom.rewrite.ASTRewriteAnalyzer.doVisitUnchangedChildren(ASTRewriteAnalyzer.java:474)
	at org.eclipse.jdt.internal.core.dom.rewrite.ASTRewriteAnalyzer.visit(ASTRewriteAnalyzer.java:2253)
	at org.eclipse.jdt.core.dom.Block.accept0(Block.java:126)
	at org.eclipse.jdt.core.dom.ASTNode.accept(ASTNode.java:3129)
	at org.eclipse.jdt.internal.core.dom.rewrite.ASTRewriteAnalyzer.voidVisit(ASTRewriteAnalyzer.java:453)
	at org.eclipse.jdt.internal.core.dom.rewrite.ASTRewriteAnalyzer.voidVisit(ASTRewriteAnalyzer.java:459)
	at org.eclipse.jdt.internal.core.dom.rewrite.ASTRewriteAnalyzer.doVisitUnchangedChildren(ASTRewriteAnalyzer.java:474)
	at org.eclipse.jdt.internal.core.dom.rewrite.ASTRewriteAnalyzer.visit(ASTRewriteAnalyzer.java:2159)
	at org.eclipse.jdt.core.dom.MethodDeclaration.accept0(MethodDeclaration.java:653)
	at org.eclipse.jdt.core.dom.ASTNode.accept(ASTNode.java:3129)
	at org.eclipse.jdt.internal.core.dom.rewrite.ASTRewriteAnalyzer.doVisit(ASTRewriteAnalyzer.java:429)
	at org.eclipse.jdt.internal.core.dom.rewrite.ASTRewriteAnalyzer.voidVisitList(ASTRewriteAnalyzer.java:467)
	at org.eclipse.jdt.internal.core.dom.rewrite.ASTRewriteAnalyzer.voidVisit(ASTRewriteAnalyzer.java:461)
	at org.eclipse.jdt.internal.core.dom.rewrite.ASTRewriteAnalyzer.doVisitUnchangedChildren(ASTRewriteAnalyzer.java:474)
	at org.eclipse.jdt.internal.core.dom.rewrite.ASTRewriteAnalyzer.visit(ASTRewriteAnalyzer.java:1838)
	at org.eclipse.jdt.core.dom.TypeDeclaration.accept0(TypeDeclaration.java:482)
	at org.eclipse.jdt.core.dom.ASTNode.accept(ASTNode.java:3129)
	at org.eclipse.jdt.internal.core.dom.rewrite.ASTRewriteAnalyzer.doVisit(ASTRewriteAnalyzer.java:429)
	at org.eclipse.jdt.internal.core.dom.rewrite.ASTRewriteAnalyzer.doVisitList(ASTRewriteAnalyzer.java:447)
	at org.eclipse.jdt.internal.core.dom.rewrite.ASTRewriteAnalyzer.doVisit(ASTRewriteAnalyzer.java:438)
	at org.eclipse.jdt.internal.core.dom.rewrite.ASTRewriteAnalyzer.rewriteParagraphList(ASTRewriteAnalyzer.java:1241)
	at org.eclipse.jdt.internal.core.dom.rewrite.ASTRewriteAnalyzer.visit(ASTRewriteAnalyzer.java:1830)
	at org.eclipse.jdt.core.dom.CompilationUnit.accept0(CompilationUnit.java:250)
	at org.eclipse.jdt.core.dom.ASTNode.accept(ASTNode.java:3129)
	at org.eclipse.jdt.core.dom.rewrite.ASTRewrite.internalRewriteAST(ASTRewrite.java:307)
	at org.eclipse.jdt.core.dom.rewrite.ASTRewrite.rewriteAST(ASTRewrite.java:296)
	at org.eclipse.jdt.internal.corext.refactoring.structure.CompilationUnitRewrite.attachChange(CompilationUnitRewrite.java:290)
	at org.eclipse.jdt.internal.corext.refactoring.structure.CompilationUnitRewrite.createChange(CompilationUnitRewrite.java:252)
	at org.eclipse.jdt.internal.corext.fix.CompilationUnitRewriteOperationsFixCore.createChange(CompilationUnitRewriteOperationsFixCore.java:101)
	at org.eclipse.jdt.ls.core.internal.corrections.proposals.ReorgCorrectionsSubProcessor.removeImportStatementProposals(ReorgCorrectionsSubProcessor.java:152)
	at org.eclipse.jdt.ls.core.internal.corrections.QuickFixProcessor.process(QuickFixProcessor.java:102)
	at org.eclipse.jdt.ls.core.internal.corrections.QuickFixProcessor.getCorrections(QuickFixProcessor.java:78)
	at org.eclipse.jdt.ls.core.internal.handlers.CodeActionHandler.getCodeActionCommands(CodeActionHandler.java:159)
	at org.eclipse.jdt.ls.core.internal.handlers.JDTLanguageServer.lambda$15(JDTLanguageServer.java:649)
	at org.eclipse.jdt.ls.core.internal.BaseJDTLanguageServer.lambda$0(BaseJDTLanguageServer.java:75)
	at java.base/java.util.concurrent.CompletableFuture$UniApply.tryFire(CompletableFuture.java:642)
	... 2 more
Caused by: org.eclipse.core.runtime.CoreException: End Of File
	at org.eclipse.jdt.internal.core.dom.rewrite.TokenScanner.readNext(TokenScanner.java:95)
	at org.eclipse.jdt.internal.core.dom.rewrite.TokenScanner.readToToken(TokenScanner.java:152)
	at org.eclipse.jdt.internal.core.dom.rewrite.TokenScanner.readToToken(TokenScanner.java:165)
	at org.eclipse.jdt.internal.core.dom.rewrite.TokenScanner.getTokenEndOffset(TokenScanner.java:190)
	at org.eclipse.jdt.internal.core.dom.rewrite.ASTRewriteAnalyzer.visit(ASTRewriteAnalyzer.java:2320)
	... 43 more

[Error - 10:49:52 PM] Nov 8, 2021, 10:49:52 PM Problems occurred when invoking code from plug-in: "org.eclipse.jdt.ls.core".
null
java.lang.NullPointerException
	at org.eclipse.jdt.internal.compiler.lookup.BinaryTypeBinding.getField(BinaryTypeBinding.java:1426)
	at org.eclipse.jdt.internal.compiler.lookup.AnnotationBinding.buildTargetAnnotation(AnnotationBinding.java:179)
	at org.eclipse.jdt.internal.compiler.lookup.AnnotationBinding.addStandardAnnotations(AnnotationBinding.java:83)
	at org.eclipse.jdt.internal.compiler.lookup.BinaryTypeBinding.retrieveAnnotations(BinaryTypeBinding.java:1855)
	at org.eclipse.jdt.internal.compiler.lookup.ReferenceBinding.getAnnotations(ReferenceBinding.java:1067)
	at org.eclipse.jdt.core.dom.TypeBinding.getAnnotations(TypeBinding.java:122)
	at com.microsoft.java.test.plugin.searcher.JUnit5TestSearcher.matchesNameInAnnotationHierarchy(JUnit5TestSearcher.java:110)
	at com.microsoft.java.test.plugin.searcher.JUnit5TestSearcher.findAnnotation(JUnit5TestSearcher.java:85)
	at com.microsoft.java.test.plugin.searcher.JUnit5TestSearcher.isTestMethod(JUnit5TestSearcher.java:69)
	at com.microsoft.java.test.plugin.util.TestSearchUtils.findTestItemsInTypeBinding(TestSearchUtils.java:370)
	at com.microsoft.java.test.plugin.util.TestSearchUtils.findTestTypesAndMethods(TestSearchUtils.java:348)
	at com.microsoft.java.test.plugin.handler.TestDelegateCommandHandler.executeCommand(TestDelegateCommandHandler.java:58)
	at org.eclipse.jdt.ls.core.internal.handlers.WorkspaceExecuteCommandHandler$1.run(WorkspaceExecuteCommandHandler.java:215)
	at org.eclipse.core.runtime.SafeRunner.run(SafeRunner.java:45)
	at org.eclipse.jdt.ls.core.internal.handlers.WorkspaceExecuteCommandHandler.executeCommand(WorkspaceExecuteCommandHandler.java:205)
	at org.eclipse.jdt.ls.core.internal.handlers.JDTLanguageServer.lambda$4(JDTLanguageServer.java:507)
	at org.eclipse.jdt.ls.core.internal.BaseJDTLanguageServer.lambda$0(BaseJDTLanguageServer.java:75)
	at java.base/java.util.concurrent.CompletableFuture$UniApply.tryFire(CompletableFuture.java:642)
	at java.base/java.util.concurrent.CompletableFuture$Completion.run(CompletableFuture.java:478)
	at java.base/java.lang.Thread.run(Thread.java:829)

[Error - 10:49:52 PM] Nov 8, 2021, 10:49:52 PM Error in calling delegate command handler
null
java.lang.NullPointerException
	at org.eclipse.jdt.internal.compiler.lookup.BinaryTypeBinding.getField(BinaryTypeBinding.java:1426)
	at org.eclipse.jdt.internal.compiler.lookup.AnnotationBinding.buildTargetAnnotation(AnnotationBinding.java:179)
	at org.eclipse.jdt.internal.compiler.lookup.AnnotationBinding.addStandardAnnotations(AnnotationBinding.java:83)
	at org.eclipse.jdt.internal.compiler.lookup.BinaryTypeBinding.retrieveAnnotations(BinaryTypeBinding.java:1855)
	at org.eclipse.jdt.internal.compiler.lookup.ReferenceBinding.getAnnotations(ReferenceBinding.java:1067)
	at org.eclipse.jdt.core.dom.TypeBinding.getAnnotations(TypeBinding.java:122)
	at com.microsoft.java.test.plugin.searcher.JUnit5TestSearcher.matchesNameInAnnotationHierarchy(JUnit5TestSearcher.java:110)
	at com.microsoft.java.test.plugin.searcher.JUnit5TestSearcher.findAnnotation(JUnit5TestSearcher.java:85)
	at com.microsoft.java.test.plugin.searcher.JUnit5TestSearcher.isTestMethod(JUnit5TestSearcher.java:69)
	at com.microsoft.java.test.plugin.util.TestSearchUtils.findTestItemsInTypeBinding(TestSearchUtils.java:370)
	at com.microsoft.java.test.plugin.util.TestSearchUtils.findTestTypesAndMethods(TestSearchUtils.java:348)
	at com.microsoft.java.test.plugin.handler.TestDelegateCommandHandler.executeCommand(TestDelegateCommandHandler.java:58)
	at org.eclipse.jdt.ls.core.internal.handlers.WorkspaceExecuteCommandHandler$1.run(WorkspaceExecuteCommandHandler.java:215)
	at org.eclipse.core.runtime.SafeRunner.run(SafeRunner.java:45)
	at org.eclipse.jdt.ls.core.internal.handlers.WorkspaceExecuteCommandHandler.executeCommand(WorkspaceExecuteCommandHandler.java:205)
	at org.eclipse.jdt.ls.core.internal.handlers.JDTLanguageServer.lambda$4(JDTLanguageServer.java:507)
	at org.eclipse.jdt.ls.core.internal.BaseJDTLanguageServer.lambda$0(BaseJDTLanguageServer.java:75)
	at java.base/java.util.concurrent.CompletableFuture$UniApply.tryFire(CompletableFuture.java:642)
	at java.base/java.util.concurrent.CompletableFuture$Completion.run(CompletableFuture.java:478)
	at java.base/java.lang.Thread.run(Thread.java:829)

[Error - 10:51:48 PM] Nov 8, 2021, 10:51:48 PM Problems occurred when invoking code from plug-in: "org.eclipse.jdt.ls.core".
null
java.lang.NullPointerException

[Error - 10:51:48 PM] Nov 8, 2021, 10:51:48 PM Error in calling delegate command handler
null
java.lang.NullPointerException

[Error - 10:53:52 PM] Nov 8, 2021, 10:53:52 PM Problems occurred when invoking code from plug-in: "org.eclipse.jdt.ls.core".
null
java.lang.NullPointerException

[Error - 10:53:52 PM] Nov 8, 2021, 10:53:52 PM Error in calling delegate command handler
null
java.lang.NullPointerException

