Validating found git in: git
Using git 2.20.1 from git
> git rev-parse --git-dir
Open repository: /home/jkunle/source/mocking-node-with-sinon
> git status -z -u
> git symbolic-ref --short HEAD
> git for-each-ref --format=%(refname)%00%(upstream:short)%00%(objectname)%00%(upstream:track) refs/heads/spying-on-functions refs/remotes/spying-on-functions
> git for-each-ref --sort -committerdate --format %(refname) %(objectname) %(*objectname)
> git remote --verbose
Warning: Failed to watch ref '/home/jkunle/source/mocking-node-with-sinon/.git/refs/remotes/origin/spying-on-functions', is most likely packed.
> git config --get commit.template
> git check-ignore -v -z --stdin
> git checkout -q -- /home/jkunle/source/mocking-node-with-sinon/file.management.spy.spec.js /home/jkunle/source/mocking-node-with-sinon/file.management.stub.spec.js /home/jkunle/source/mocking-node-with-sinon/package-lock.json
> git status -z -u
> git symbolic-ref --short HEAD
> git for-each-ref --format=%(refname)%00%(upstream:short)%00%(objectname)%00%(upstream:track) refs/heads/spying-on-functions refs/remotes/spying-on-functions
> git for-each-ref --sort -committerdate --format %(refname) %(objectname) %(*objectname)
> git remote --verbose
Warning: Failed to watch ref '/home/jkunle/source/mocking-node-with-sinon/.git/refs/remotes/origin/spying-on-functions', is most likely packed.
> git config --get commit.template
> git status -z -u
> git symbolic-ref --short HEAD
> git for-each-ref --format=%(refname)%00%(upstream:short)%00%(objectname)%00%(upstream:track) refs/heads/spying-on-functions refs/remotes/spying-on-functions
> git for-each-ref --sort -committerdate --format %(refname) %(objectname) %(*objectname)
> git remote --verbose
Warning: Failed to watch ref '/home/jkunle/source/mocking-node-with-sinon/.git/refs/remotes/origin/spying-on-functions', is most likely packed.
> git config --get commit.template
> git status -z -u
> git symbolic-ref --short HEAD
> git for-each-ref --format=%(refname)%00%(upstream:short)%00%(objectname)%00%(upstream:track) refs/heads/simplifying-with-fakes refs/remotes/simplifying-with-fakes
> git for-each-ref --sort -committerdate --format %(refname) %(objectname) %(*objectname)
> git remote --verbose
Warning: Failed to watch ref '/home/jkunle/source/mocking-node-with-sinon/.git/refs/remotes/origin/simplifying-with-fakes', is most likely packed.
> git config --get commit.template
> git check-ignore -v -z --stdin
> git show --textconv :file.management.fake.spec.js
> git ls-files --stage -- /home/jkunle/source/mocking-node-with-sinon/file.management.fake.spec.js
> git cat-file -s d79dde92a2e952f20a213318c27dae2e17f149a6
