[Error - 12:32:06 AM] Nov 10, 2021, 12:32:06 AM Failed to load extension bundles 
Load bundle list
org.eclipse.core.runtime.CoreException: Load bundle list
	at org.eclipse.jdt.ls.core.internal.handlers.BundleUtils.loadBundles(BundleUtils.java:169)
	at org.eclipse.jdt.ls.core.internal.handlers.InitHandler.handleInitializationOptions(InitHandler.java:89)
	at org.eclipse.jdt.ls.core.internal.handlers.BaseInitHandler.initialize(BaseInitHandler.java:63)
	at org.eclipse.jdt.ls.core.internal.handlers.JDTLanguageServer.initialize(JDTLanguageServer.java:237)
	at java.base/jdk.internal.reflect.NativeMethodAccessorImpl.invoke0(Native Method)
	at java.base/jdk.internal.reflect.NativeMethodAccessorImpl.invoke(NativeMethodAccessorImpl.java:62)
	at java.base/jdk.internal.reflect.DelegatingMethodAccessorImpl.invoke(DelegatingMethodAccessorImpl.java:43)
	at java.base/java.lang.reflect.Method.invoke(Method.java:566)
	at org.eclipse.lsp4j.jsonrpc.services.GenericEndpoint.lambda$null$0(GenericEndpoint.java:65)
	at org.eclipse.lsp4j.jsonrpc.services.GenericEndpoint.request(GenericEndpoint.java:120)
	at org.eclipse.lsp4j.jsonrpc.RemoteEndpoint.handleRequest(RemoteEndpoint.java:261)
	at org.eclipse.lsp4j.jsonrpc.RemoteEndpoint.consume(RemoteEndpoint.java:190)
	at org.eclipse.jdt.ls.core.internal.ParentProcessWatcher.lambda$0(ParentProcessWatcher.java:123)
	at org.eclipse.lsp4j.jsonrpc.json.StreamMessageProducer.handleMessage(StreamMessageProducer.java:194)
	at org.eclipse.lsp4j.jsonrpc.json.StreamMessageProducer.listen(StreamMessageProducer.java:94)
	at org.eclipse.lsp4j.jsonrpc.json.ConcurrentMessageProcessor.run(ConcurrentMessageProcessor.java:113)
	at java.base/java.util.concurrent.Executors$RunnableAdapter.call(Executors.java:515)
	at java.base/java.util.concurrent.FutureTask.run(FutureTask.java:264)
	at java.base/java.util.concurrent.ThreadPoolExecutor.runWorker(ThreadPoolExecutor.java:1128)
	at java.base/java.util.concurrent.ThreadPoolExecutor$Worker.run(ThreadPoolExecutor.java:628)
	at java.base/java.lang.Thread.run(Thread.java:829)
Contains: Cannot extract bundle symbolicName or version /home/jkunle/code_profiles/java/extensions/vscjava.vscode-maven-0.21.2/jdtls.ext/com.microsoft.java.maven.plugin/target/com.microsoft.java.maven.plugin-0.21.2.jar
java.nio.file.NoSuchFileException: /home/jkunle/code_profiles/java/extensions/vscjava.vscode-maven-0.21.2/jdtls.ext/com.microsoft.java.maven.plugin/target/com.microsoft.java.maven.plugin-0.21.2.jar
	at java.base/sun.nio.fs.UnixException.translateToIOException(UnixException.java:92)
	at java.base/sun.nio.fs.UnixException.rethrowAsIOException(UnixException.java:111)
	at java.base/sun.nio.fs.UnixException.rethrowAsIOException(UnixException.java:116)
	at java.base/sun.nio.fs.UnixFileAttributeViews$Basic.readAttributes(UnixFileAttributeViews.java:55)
	at java.base/sun.nio.fs.UnixFileSystemProvider.readAttributes(UnixFileSystemProvider.java:149)
	at java.base/sun.nio.fs.LinuxFileSystemProvider.readAttributes(LinuxFileSystemProvider.java:99)
	at java.base/java.nio.file.Files.readAttributes(Files.java:1764)
	at java.base/java.util.zip.ZipFile$Source.get(ZipFile.java:1259)
	at java.base/java.util.zip.ZipFile$CleanableResource.<init>(ZipFile.java:733)
	at java.base/java.util.zip.ZipFile$CleanableResource.get(ZipFile.java:850)
	at java.base/java.util.zip.ZipFile.<init>(ZipFile.java:248)
	at java.base/java.util.zip.ZipFile.<init>(ZipFile.java:177)
	at java.base/java.util.jar.JarFile.<init>(JarFile.java:348)
	at java.base/java.util.jar.JarFile.<init>(JarFile.java:319)
	at java.base/java.util.jar.JarFile.<init>(JarFile.java:258)
	at org.eclipse.jdt.ls.core.internal.handlers.BundleUtils.getBundleInfo(BundleUtils.java:302)
	at org.eclipse.jdt.ls.core.internal.handlers.BundleUtils.loadBundles(BundleUtils.java:116)
	at org.eclipse.jdt.ls.core.internal.handlers.InitHandler.handleInitializationOptions(InitHandler.java:89)
	at org.eclipse.jdt.ls.core.internal.handlers.BaseInitHandler.initialize(BaseInitHandler.java:63)
	at org.eclipse.jdt.ls.core.internal.handlers.JDTLanguageServer.initialize(JDTLanguageServer.java:237)
	at java.base/jdk.internal.reflect.NativeMethodAccessorImpl.invoke0(Native Method)
	at java.base/jdk.internal.reflect.NativeMethodAccessorImpl.invoke(NativeMethodAccessorImpl.java:62)
	at java.base/jdk.internal.reflect.DelegatingMethodAccessorImpl.invoke(DelegatingMethodAccessorImpl.java:43)
	at java.base/java.lang.reflect.Method.invoke(Method.java:566)
	at org.eclipse.lsp4j.jsonrpc.services.GenericEndpoint.lambda$null$0(GenericEndpoint.java:65)
	at org.eclipse.lsp4j.jsonrpc.services.GenericEndpoint.request(GenericEndpoint.java:120)
	at org.eclipse.lsp4j.jsonrpc.RemoteEndpoint.handleRequest(RemoteEndpoint.java:261)
	at org.eclipse.lsp4j.jsonrpc.RemoteEndpoint.consume(RemoteEndpoint.java:190)
	at org.eclipse.jdt.ls.core.internal.ParentProcessWatcher.lambda$0(ParentProcessWatcher.java:123)
	at org.eclipse.lsp4j.jsonrpc.json.StreamMessageProducer.handleMessage(StreamMessageProducer.java:194)
	at org.eclipse.lsp4j.jsonrpc.json.StreamMessageProducer.listen(StreamMessageProducer.java:94)
	at org.eclipse.lsp4j.jsonrpc.json.ConcurrentMessageProcessor.run(ConcurrentMessageProcessor.java:113)
	at java.base/java.util.concurrent.Executors$RunnableAdapter.call(Executors.java:515)
	at java.base/java.util.concurrent.FutureTask.run(FutureTask.java:264)
	at java.base/java.util.concurrent.ThreadPoolExecutor.runWorker(ThreadPoolExecutor.java:1128)
	at java.base/java.util.concurrent.ThreadPoolExecutor$Worker.run(ThreadPoolExecutor.java:628)
	at java.base/java.lang.Thread.run(Thread.java:829)

[Error - 12:37:19 AM] Nov 10, 2021, 12:37:19 AM Unable to load IDecompiler class for jarFileContentProvider
[Error - 12:37:22 AM] Nov 10, 2021, 12:37:22 AM Unable to load IDecompiler class for jarFileContentProvider
[Error - 12:37:36 AM] Nov 10, 2021, 12:37:36 AM Unable to load IDecompiler class for jarFileContentProvider
