[2021-11-24 13:53:24.795] [exthost] [info] extension host started
[2021-11-24 13:53:24.811] [exthost] [info] Lock '/home/jkunle/code_profiles/node/data/User/workspaceStorage/4e7a6d/vscode.lock': Lock acquired.
[2021-11-24 13:53:25.076] [exthost] [info] ExtensionService#_doActivateExtension vscode.debug-auto-launch {"startup":true,"extensionId":{"value":"vscode.debug-auto-launch","_lower":"vscode.debug-auto-launch"},"activationEvent":"*"}
[2021-11-24 13:53:25.076] [exthost] [info] ExtensionService#loadCommonJSModule file:///home/jkunle/.local/lib/code-server-3.12.0/vendor/modules/code-oss-dev/extensions/debug-auto-launch/dist/extension
[2021-11-24 13:53:25.107] [exthost] [info] ExtensionService#_doActivateExtension vscode.git {"startup":true,"extensionId":{"value":"vscode.github","_lower":"vscode.github"},"activationEvent":"*"}
[2021-11-24 13:53:25.107] [exthost] [info] ExtensionService#loadCommonJSModule file:///home/jkunle/.local/lib/code-server-3.12.0/vendor/modules/code-oss-dev/extensions/git/dist/main
[2021-11-24 13:53:25.264] [exthost] [info] ExtensionService#_doActivateExtension christian-kohler.path-intellisense {"startup":true,"extensionId":{"value":"christian-kohler.path-intellisense","_lower":"christian-kohler.path-intellisense"},"activationEvent":"*"}
[2021-11-24 13:53:25.264] [exthost] [info] ExtensionService#loadCommonJSModule file:///home/jkunle/code_profiles/node/extensions/christian-kohler.path-intellisense-2.4.0/out/extension.js
[2021-11-24 13:53:25.416] [exthost] [info] ExtensionService#_doActivateExtension PKief.material-icon-theme {"startup":true,"extensionId":{"value":"PKief.material-icon-theme","_lower":"pkief.material-icon-theme"},"activationEvent":"*"}
[2021-11-24 13:53:25.416] [exthost] [info] ExtensionService#loadCommonJSModule file:///home/jkunle/code_profiles/node/extensions/pkief.material-icon-theme-4.0.1/dist/extension
[2021-11-24 13:53:25.641] [exthost] [info] Extension 'christian-kohler.path-intellisense' uses a document selector without scheme. Learn more about this: https://go.microsoft.com/fwlink/?linkid=872305
[2021-11-24 13:53:25.683] [exthost] [info] ExtensionService#_doActivateExtension vscode.github {"startup":true,"extensionId":{"value":"vscode.github","_lower":"vscode.github"},"activationEvent":"*"}
[2021-11-24 13:53:25.683] [exthost] [info] ExtensionService#loadCommonJSModule file:///home/jkunle/.local/lib/code-server-3.12.0/vendor/modules/code-oss-dev/extensions/github/dist/extension.js
[2021-11-24 13:53:25.899] [exthost] [info] ExtensionService#_doActivateExtension vscode.emmet {"startup":false,"extensionId":{"value":"vscode.emmet","_lower":"vscode.emmet"},"activationEvent":"onStartupFinished"}
[2021-11-24 13:53:25.899] [exthost] [info] ExtensionService#loadCommonJSModule file:///home/jkunle/.local/lib/code-server-3.12.0/vendor/modules/code-oss-dev/extensions/emmet/dist/node/emmetNodeMain
[2021-11-24 13:53:25.948] [exthost] [info] ExtensionService#_doActivateExtension vscode.merge-conflict {"startup":false,"extensionId":{"value":"vscode.merge-conflict","_lower":"vscode.merge-conflict"},"activationEvent":"onStartupFinished"}
[2021-11-24 13:53:25.948] [exthost] [info] ExtensionService#loadCommonJSModule file:///home/jkunle/.local/lib/code-server-3.12.0/vendor/modules/code-oss-dev/extensions/merge-conflict/dist/mergeConflictMain
[2021-11-24 13:53:25.970] [exthost] [info] ExtensionService#_doActivateExtension dbaeumer.vscode-eslint {"startup":false,"extensionId":{"value":"dbaeumer.vscode-eslint","_lower":"dbaeumer.vscode-eslint"},"activationEvent":"onStartupFinished"}
[2021-11-24 13:53:25.970] [exthost] [info] ExtensionService#loadCommonJSModule file:///home/jkunle/code_profiles/node/extensions/dbaeumer.vscode-eslint-2.1.10/client/out/extension
[2021-11-24 13:53:26.101] [exthost] [info] ExtensionService#_doActivateExtension esbenp.prettier-vscode {"startup":false,"extensionId":{"value":"esbenp.prettier-vscode","_lower":"esbenp.prettier-vscode"},"activationEvent":"onStartupFinished"}
[2021-11-24 13:53:26.101] [exthost] [info] ExtensionService#loadCommonJSModule file:///home/jkunle/code_profiles/node/extensions/esbenp.prettier-vscode-9.0.0/dist/extension
[2021-11-24 13:53:27.079] [exthost] [info] eager extensions activated
[2021-11-24 13:53:27.083] [exthost] [info] ExtensionService#_doActivateExtension ms-vscode.js-debug {"startup":false,"extensionId":{"value":"ms-vscode.js-debug","_lower":"ms-vscode.js-debug"},"activationEvent":"onCommand:extension.js-debug.clearAutoAttachVariables"}
[2021-11-24 13:53:27.083] [exthost] [info] ExtensionService#loadCommonJSModule file:///home/jkunle/.local/lib/code-server-3.12.0/vendor/modules/code-oss-dev/extensions/ms-vscode.js-debug/src/extension.js
[2021-11-24 13:53:27.945] [exthost] [info] Extension 'esbenp.prettier-vscode' uses a document selector without scheme. Learn more about this: https://go.microsoft.com/fwlink/?linkid=872305
[2021-11-24 13:53:55.315] [exthost] [info] extension host terminating: received terminate message from renderer
[2021-11-24 13:53:55.315] [exthost] [info] Lock '/home/jkunle/code_profiles/node/data/User/workspaceStorage/4e7a6d/vscode.lock': Marking the lockfile as scheduled to be released in 6000 ms.
[2021-11-24 13:53:56.324] [exthost] [info] exiting with code 0
