Validating found git in: git
Using git 2.20.1 from git
Opening repository for path='/home/jkunle/source/practicalunittesting/ch3' failed; ex=Failed to execute git {
  "exitCode": 128,
  "gitErrorCode": "NotAGitRepository",
  "gitCommand": "rev-parse",
  "stdout": "",
  "stderr": "fatal: not a git repository (or any parent up to mount point /)\nStopping at filesystem boundary (GIT_DISCOVERY_ACROSS_FILESYSTEM not set).\n"
}
Opening repository for path='/home/jkunle/source/practicalunittesting/ch3/src/main/java/test_without_collaborators' failed; ex=Failed to execute git {
  "exitCode": 128,
  "gitErrorCode": "NotAGitRepository",
  "gitCommand": "rev-parse",
  "stdout": "",
  "stderr": "fatal: not a git repository (or any parent up to mount point /)\nStopping at filesystem boundary (GIT_DISCOVERY_ACROSS_FILESYSTEM not set).\n"
}
Opening repository for path='/home/jkunle/source/practicalunittesting/ch3/.classpath' failed; ex=Error: spawn ENOTDIR
Opening repository for path='/home/jkunle/source/practicalunittesting/ch3/.gitattributes' failed; ex=Error: spawn ENOTDIR
Opening repository for path='/home/jkunle/source/practicalunittesting/ch3/.gitignore' failed; ex=Error: spawn ENOTDIR
Opening repository for path='/home/jkunle/source/practicalunittesting/ch3/.gradle' failed; ex=Failed to execute git {
  "exitCode": 128,
  "gitErrorCode": "NotAGitRepository",
  "gitCommand": "rev-parse",
  "stdout": "",
  "stderr": "fatal: not a git repository (or any parent up to mount point /)\nStopping at filesystem boundary (GIT_DISCOVERY_ACROSS_FILESYSTEM not set).\n"
}
Opening repository for path='/home/jkunle/source/practicalunittesting/ch3/.project' failed; ex=Error: spawn ENOTDIR
Opening repository for path='/home/jkunle/source/practicalunittesting/ch3/.settings' failed; ex=Failed to execute git {
  "exitCode": 128,
  "gitErrorCode": "NotAGitRepository",
  "gitCommand": "rev-parse",
  "stdout": "",
  "stderr": "fatal: not a git repository (or any parent up to mount point /)\nStopping at filesystem boundary (GIT_DISCOVERY_ACROSS_FILESYSTEM not set).\n"
}
Opening repository for path='/home/jkunle/source/practicalunittesting/ch3/bin' failed; ex=Failed to execute git {
  "exitCode": 128,
  "gitErrorCode": "NotAGitRepository",
  "gitCommand": "rev-parse",
  "stdout": "",
  "stderr": "fatal: not a git repository (or any parent up to mount point /)\nStopping at filesystem boundary (GIT_DISCOVERY_ACROSS_FILESYSTEM not set).\n"
}
Opening repository for path='/home/jkunle/source/practicalunittesting/ch3/build' failed; ex=Failed to execute git {
  "exitCode": 128,
  "gitErrorCode": "NotAGitRepository",
  "gitCommand": "rev-parse",
  "stdout": "",
  "stderr": "fatal: not a git repository (or any parent up to mount point /)\nStopping at filesystem boundary (GIT_DISCOVERY_ACROSS_FILESYSTEM not set).\n"
}
Opening repository for path='/home/jkunle/source/practicalunittesting/ch3/build.gradle' failed; ex=Error: spawn ENOTDIR
Opening repository for path='/home/jkunle/source/practicalunittesting/ch3/exercises' failed; ex=Failed to execute git {
  "exitCode": 128,
  "gitErrorCode": "NotAGitRepository",
  "gitCommand": "rev-parse",
  "stdout": "",
  "stderr": "fatal: not a git repository (or any parent up to mount point /)\nStopping at filesystem boundary (GIT_DISCOVERY_ACROSS_FILESYSTEM not set).\n"
}
Opening repository for path='/home/jkunle/source/practicalunittesting/ch3/gradle' failed; ex=Failed to execute git {
  "exitCode": 128,
  "gitErrorCode": "NotAGitRepository",
  "gitCommand": "rev-parse",
  "stdout": "",
  "stderr": "fatal: not a git repository (or any parent up to mount point /)\nStopping at filesystem boundary (GIT_DISCOVERY_ACROSS_FILESYSTEM not set).\n"
}
Opening repository for path='/home/jkunle/source/practicalunittesting/ch3/gradlew' failed; ex=Error: spawn ENOTDIR
Opening repository for path='/home/jkunle/source/practicalunittesting/ch3/gradlew.bat' failed; ex=Error: spawn ENOTDIR
Opening repository for path='/home/jkunle/source/practicalunittesting/ch3/settings.gradle' failed; ex=Error: spawn ENOTDIR
Opening repository for path='/home/jkunle/source/practicalunittesting/ch3/src' failed; ex=Failed to execute git {
  "exitCode": 128,
  "gitErrorCode": "NotAGitRepository",
  "gitCommand": "rev-parse",
  "stdout": "",
  "stderr": "fatal: not a git repository (or any parent up to mount point /)\nStopping at filesystem boundary (GIT_DISCOVERY_ACROSS_FILESYSTEM not set).\n"
}
